[0.256s] [34mcolcon[0m [1;30mDEBUG[0m [32mCommand line arguments: ['/opt/miniconda3/envs/ros2/bin/colcon', 'build', '--symlink-install', '--packages-select', 'modern_swarm'][0m
[0.256s] [34mcolcon[0m [1;30mDEBUG[0m [32mParsed command line arguments: Namespace(log_base=None, log_level=None, verb_name='build', build_base='build', install_base='install', merge_install=False, symlink_install=True, test_result_base=None, continue_on_error=False, executor='parallel', parallel_workers=8, event_handlers=None, ignore_user_meta=False, metas=['./colcon.meta'], base_paths=['.'], packages_ignore=None, packages_ignore_regex=None, paths=None, packages_up_to=None, packages_up_to_regex=None, packages_above=None, packages_above_and_dependencies=None, packages_above_depth=None, packages_select_by_dep=None, packages_skip_by_dep=None, packages_skip_up_to=None, packages_select_build_failed=False, packages_skip_build_finished=False, packages_select_test_failures=False, packages_skip_test_passed=False, packages_select=['modern_swarm'], packages_skip=None, packages_select_regex=None, packages_skip_regex=None, packages_start=None, packages_end=None, cmake_args=None, cmake_target=None, cmake_target_skip_unavailable=False, cmake_clean_cache=False, cmake_clean_first=False, cmake_force_configure=False, ament_cmake_args=None, catkin_cmake_args=None, catkin_skip_building_tests=False, verb_parser=<colcon_defaults.argument_parser.defaults.DefaultArgumentsDecorator object at 0x10193da90>, verb_extension=<colcon_core.verb.build.BuildVerb object at 0x101a0c350>, main=<bound method BuildVerb.main of <colcon_core.verb.build.BuildVerb object at 0x101a0c350>>)[0m
[0.413s] [34mcolcon.colcon_core.package_discovery[0m [1;30mLevel 1[0m discover_packages(colcon_meta) check parameters
[0.413s] [34mcolcon.colcon_core.package_discovery[0m [1;30mLevel 1[0m discover_packages(recursive) check parameters
[0.413s] [34mcolcon.colcon_core.package_discovery[0m [1;30mLevel 1[0m discover_packages(ignore) check parameters
[0.413s] [34mcolcon.colcon_core.package_discovery[0m [1;30mLevel 1[0m discover_packages(path) check parameters
[0.413s] [34mcolcon.colcon_core.package_discovery[0m [1;30mLevel 1[0m discover_packages(colcon_meta) discover
[0.413s] [34mcolcon.colcon_core.package_discovery[0m [1;30mLevel 1[0m discover_packages(recursive) discover
[0.413s] [34mcolcon.colcon_core.package_discovery[0m [1;30mINFO[0m Crawling recursively for packages in '/Users/Mubiyn/Desktop/rp_2/modern_swarm_leader_follower/ros2_workspace'
[0.413s] [34mcolcon.colcon_core.package_identification[0m [1;30mLevel 1[0m _identify(.) by extensions ['ignore', 'ignore_ament_install']
[0.413s] [34mcolcon.colcon_core.package_identification[0m [1;30mLevel 1[0m _identify(.) by extension 'ignore'
[0.413s] [34mcolcon.colcon_core.package_identification[0m [1;30mLevel 1[0m _identify(.) by extension 'ignore_ament_install'
[0.413s] [34mcolcon.colcon_core.package_identification[0m [1;30mLevel 1[0m _identify(.) by extensions ['colcon_pkg']
[0.413s] [34mcolcon.colcon_core.package_identification[0m [1;30mLevel 1[0m _identify(.) by extension 'colcon_pkg'
[0.413s] [34mcolcon.colcon_core.package_identification[0m [1;30mLevel 1[0m _identify(.) by extensions ['colcon_meta']
[0.414s] [34mcolcon.colcon_core.package_identification[0m [1;30mLevel 1[0m _identify(.) by extension 'colcon_meta'
[0.414s] [34mcolcon.colcon_core.package_identification[0m [1;30mLevel 1[0m _identify(.) by extensions ['ros']
[0.414s] [34mcolcon.colcon_core.package_identification[0m [1;30mLevel 1[0m _identify(.) by extension 'ros'
[0.437s] [34mcolcon.colcon_core.package_identification[0m [1;30mLevel 1[0m _identify(.) by extensions ['cmake', 'python']
[0.437s] [34mcolcon.colcon_core.package_identification[0m [1;30mLevel 1[0m _identify(.) by extension 'cmake'
[0.437s] [34mcolcon.colcon_core.package_identification[0m [1;30mLevel 1[0m _identify(.) by extension 'python'
[0.437s] [34mcolcon.colcon_core.package_identification[0m [1;30mLevel 1[0m _identify(.) by extensions ['python_setup_py']
[0.437s] [34mcolcon.colcon_core.package_identification[0m [1;30mLevel 1[0m _identify(.) by extension 'python_setup_py'
[0.437s] [34mcolcon.colcon_core.package_identification[0m [1;30mLevel 1[0m _identify(build) by extensions ['ignore', 'ignore_ament_install']
[0.437s] [34mcolcon.colcon_core.package_identification[0m [1;30mLevel 1[0m _identify(build) by extension 'ignore'
[0.437s] [34mcolcon.colcon_core.package_identification[0m [1;30mLevel 1[0m _identify(build) ignored
[0.437s] [34mcolcon.colcon_core.package_identification[0m [1;30mLevel 1[0m _identify(install) by extensions ['ignore', 'ignore_ament_install']
[0.437s] [34mcolcon.colcon_core.package_identification[0m [1;30mLevel 1[0m _identify(install) by extension 'ignore'
[0.437s] [34mcolcon.colcon_core.package_identification[0m [1;30mLevel 1[0m _identify(install) ignored
[0.437s] [34mcolcon.colcon_core.package_identification[0m [1;30mLevel 1[0m _identify(log) by extensions ['ignore', 'ignore_ament_install']
[0.437s] [34mcolcon.colcon_core.package_identification[0m [1;30mLevel 1[0m _identify(log) by extension 'ignore'
[0.437s] [34mcolcon.colcon_core.package_identification[0m [1;30mLevel 1[0m _identify(log) ignored
[0.438s] [34mcolcon.colcon_core.package_identification[0m [1;30mLevel 1[0m _identify(src) by extensions ['ignore', 'ignore_ament_install']
[0.438s] [34mcolcon.colcon_core.package_identification[0m [1;30mLevel 1[0m _identify(src) by extension 'ignore'
[0.438s] [34mcolcon.colcon_core.package_identification[0m [1;30mLevel 1[0m _identify(src) by extension 'ignore_ament_install'
[0.438s] [34mcolcon.colcon_core.package_identification[0m [1;30mLevel 1[0m _identify(src) by extensions ['colcon_pkg']
[0.438s] [34mcolcon.colcon_core.package_identification[0m [1;30mLevel 1[0m _identify(src) by extension 'colcon_pkg'
[0.438s] [34mcolcon.colcon_core.package_identification[0m [1;30mLevel 1[0m _identify(src) by extensions ['colcon_meta']
[0.438s] [34mcolcon.colcon_core.package_identification[0m [1;30mLevel 1[0m _identify(src) by extension 'colcon_meta'
[0.438s] [34mcolcon.colcon_core.package_identification[0m [1;30mLevel 1[0m _identify(src) by extensions ['ros']
[0.438s] [34mcolcon.colcon_core.package_identification[0m [1;30mLevel 1[0m _identify(src) by extension 'ros'
[0.438s] [34mcolcon.colcon_core.package_identification[0m [1;30mLevel 1[0m _identify(src) by extensions ['cmake', 'python']
[0.438s] [34mcolcon.colcon_core.package_identification[0m [1;30mLevel 1[0m _identify(src) by extension 'cmake'
[0.438s] [34mcolcon.colcon_core.package_identification[0m [1;30mLevel 1[0m _identify(src) by extension 'python'
[0.438s] [34mcolcon.colcon_core.package_identification[0m [1;30mLevel 1[0m _identify(src) by extensions ['python_setup_py']
[0.438s] [34mcolcon.colcon_core.package_identification[0m [1;30mLevel 1[0m _identify(src) by extension 'python_setup_py'
[0.438s] [34mcolcon.colcon_core.package_identification[0m [1;30mLevel 1[0m _identify(src/modern_swarm) by extensions ['ignore', 'ignore_ament_install']
[0.438s] [34mcolcon.colcon_core.package_identification[0m [1;30mLevel 1[0m _identify(src/modern_swarm) by extension 'ignore'
[0.438s] [34mcolcon.colcon_core.package_identification[0m [1;30mLevel 1[0m _identify(src/modern_swarm) by extension 'ignore_ament_install'
[0.438s] [34mcolcon.colcon_core.package_identification[0m [1;30mLevel 1[0m _identify(src/modern_swarm) by extensions ['colcon_pkg']
[0.438s] [34mcolcon.colcon_core.package_identification[0m [1;30mLevel 1[0m _identify(src/modern_swarm) by extension 'colcon_pkg'
[0.438s] [34mcolcon.colcon_core.package_identification[0m [1;30mLevel 1[0m _identify(src/modern_swarm) by extensions ['colcon_meta']
[0.438s] [34mcolcon.colcon_core.package_identification[0m [1;30mLevel 1[0m _identify(src/modern_swarm) by extension 'colcon_meta'
[0.438s] [34mcolcon.colcon_core.package_identification[0m [1;30mLevel 1[0m _identify(src/modern_swarm) by extensions ['ros']
[0.438s] [34mcolcon.colcon_core.package_identification[0m [1;30mLevel 1[0m _identify(src/modern_swarm) by extension 'ros'
[0.441s] [34mcolcon.colcon_core.package_identification[0m [1;30mDEBUG[0m [32mPackage 'src/modern_swarm' with type 'ros.ament_cmake' and name 'modern_swarm'[0m
[0.441s] [34mcolcon.colcon_core.package_discovery[0m [1;30mLevel 1[0m discover_packages(recursive) using defaults
[0.441s] [34mcolcon.colcon_core.package_discovery[0m [1;30mLevel 1[0m discover_packages(ignore) discover
[0.441s] [34mcolcon.colcon_core.package_discovery[0m [1;30mLevel 1[0m discover_packages(ignore) using defaults
[0.441s] [34mcolcon.colcon_core.package_discovery[0m [1;30mLevel 1[0m discover_packages(path) discover
[0.441s] [34mcolcon.colcon_core.package_discovery[0m [1;30mLevel 1[0m discover_packages(path) using defaults
[0.454s] [34mcolcon.colcon_core.verb[0m [1;30mLevel 5[0m set package 'modern_swarm' build argument 'cmake_args' from command line to 'None'
[0.454s] [34mcolcon.colcon_core.verb[0m [1;30mLevel 5[0m set package 'modern_swarm' build argument 'cmake_target' from command line to 'None'
[0.454s] [34mcolcon.colcon_core.verb[0m [1;30mLevel 5[0m set package 'modern_swarm' build argument 'cmake_target_skip_unavailable' from command line to 'False'
[0.454s] [34mcolcon.colcon_core.verb[0m [1;30mLevel 5[0m set package 'modern_swarm' build argument 'cmake_clean_cache' from command line to 'False'
[0.454s] [34mcolcon.colcon_core.verb[0m [1;30mLevel 5[0m set package 'modern_swarm' build argument 'cmake_clean_first' from command line to 'False'
[0.454s] [34mcolcon.colcon_core.verb[0m [1;30mLevel 5[0m set package 'modern_swarm' build argument 'cmake_force_configure' from command line to 'False'
[0.454s] [34mcolcon.colcon_core.verb[0m [1;30mLevel 5[0m set package 'modern_swarm' build argument 'ament_cmake_args' from command line to 'None'
[0.454s] [34mcolcon.colcon_core.verb[0m [1;30mLevel 5[0m set package 'modern_swarm' build argument 'catkin_cmake_args' from command line to 'None'
[0.454s] [34mcolcon.colcon_core.verb[0m [1;30mLevel 5[0m set package 'modern_swarm' build argument 'catkin_skip_building_tests' from command line to 'False'
[0.454s] [34mcolcon.colcon_core.verb[0m [1;30mDEBUG[0m [32mBuilding package 'modern_swarm' with the following arguments: {'ament_cmake_args': None, 'build_base': '/Users/Mubiyn/Desktop/rp_2/modern_swarm_leader_follower/ros2_workspace/build/modern_swarm', 'catkin_cmake_args': None, 'catkin_skip_building_tests': False, 'cmake_args': None, 'cmake_clean_cache': False, 'cmake_clean_first': False, 'cmake_force_configure': False, 'cmake_target': None, 'cmake_target_skip_unavailable': False, 'install_base': '/Users/Mubiyn/Desktop/rp_2/modern_swarm_leader_follower/ros2_workspace/install/modern_swarm', 'merge_install': False, 'path': '/Users/Mubiyn/Desktop/rp_2/modern_swarm_leader_follower/ros2_workspace/src/modern_swarm', 'symlink_install': True, 'test_result_base': None}[0m
[0.454s] [34mcolcon.colcon_core.executor[0m [1;30mINFO[0m Executing jobs using 'parallel' executor
[0.454s] [34mcolcon.colcon_parallel_executor.executor.parallel[0m [1;30mDEBUG[0m [32mrun_until_complete[0m
[0.454s] [34mcolcon.colcon_ros.task.ament_cmake.build[0m [1;30mINFO[0m Building ROS package in '/Users/Mubiyn/Desktop/rp_2/modern_swarm_leader_follower/ros2_workspace/src/modern_swarm' with build type 'ament_cmake'
[0.454s] [34mcolcon.colcon_cmake.task.cmake.build[0m [1;30mINFO[0m Building CMake package in '/Users/Mubiyn/Desktop/rp_2/modern_swarm_leader_follower/ros2_workspace/src/modern_swarm'
[0.457s] [34mcolcon.colcon_core.plugin_system[0m [1;30mINFO[0m Skipping extension 'colcon_core.shell.bat': Not used on non-Windows systems
[0.457s] [34mcolcon.colcon_core.shell[0m [1;30mINFO[0m Skip shell extension 'powershell' for command environment: Not usable outside of PowerShell
[0.457s] [34mcolcon.colcon_core.shell[0m [1;30mDEBUG[0m [32mSkip shell extension 'dsv' for command environment[0m
[0.485s] [34mcolcon.colcon_core.event_handler.log_command[0m [1;30mDEBUG[0m [32mInvoking command in '/Users/Mubiyn/Desktop/rp_2/modern_swarm_leader_follower/ros2_workspace/build/modern_swarm': CMAKE_PREFIX_PATH=${CMAKE_PREFIX_PATH}:/opt/miniconda3/envs/ros2:/Users/Mubiyn/Desktop/rp_2/modern_swarm_leader_follower/ros2_workspace/install CONDA_PROMPT_MODIFIER=(ros2) SHLVL=2 _=/opt/miniconda3/envs/ros2/bin/env /opt/miniconda3/envs/ros2/bin/cmake /Users/Mubiyn/Desktop/rp_2/modern_swarm_leader_follower/ros2_workspace/src/modern_swarm -DAMENT_CMAKE_SYMLINK_INSTALL=1 -DCMAKE_INSTALL_PREFIX=/Users/Mubiyn/Desktop/rp_2/modern_swarm_leader_follower/ros2_workspace/install/modern_swarm[0m
[2.023s] [34mcolcon.colcon_core.event_handler.log_command[0m [1;30mDEBUG[0m [32mInvoked command in '/Users/Mubiyn/Desktop/rp_2/modern_swarm_leader_follower/ros2_workspace/build/modern_swarm' returned '1': CMAKE_PREFIX_PATH=${CMAKE_PREFIX_PATH}:/opt/miniconda3/envs/ros2:/Users/Mubiyn/Desktop/rp_2/modern_swarm_leader_follower/ros2_workspace/install CONDA_PROMPT_MODIFIER=(ros2) SHLVL=2 _=/opt/miniconda3/envs/ros2/bin/env /opt/miniconda3/envs/ros2/bin/cmake /Users/Mubiyn/Desktop/rp_2/modern_swarm_leader_follower/ros2_workspace/src/modern_swarm -DAMENT_CMAKE_SYMLINK_INSTALL=1 -DCMAKE_INSTALL_PREFIX=/Users/Mubiyn/Desktop/rp_2/modern_swarm_leader_follower/ros2_workspace/install/modern_swarm[0m
[2.046s] [34mcolcon.colcon_core.environment[0m [1;30mLevel 1[0m create_environment_scripts_only(modern_swarm)
[2.049s] [34mcolcon.colcon_core.environment[0m [1;30mLevel 1[0m checking '/Users/Mubiyn/Desktop/rp_2/modern_swarm_leader_follower/ros2_workspace/install/modern_swarm' for CMake module files
[2.049s] [34mcolcon.colcon_core.environment[0m [1;30mLevel 1[0m checking '/Users/Mubiyn/Desktop/rp_2/modern_swarm_leader_follower/ros2_workspace/install/modern_swarm' for CMake config files
[2.049s] [34mcolcon.colcon_core.environment[0m [1;30mLevel 1[0m checking '/Users/Mubiyn/Desktop/rp_2/modern_swarm_leader_follower/ros2_workspace/install/modern_swarm/lib'
[2.050s] [34mcolcon.colcon_core.environment[0m [1;30mLevel 1[0m checking '/Users/Mubiyn/Desktop/rp_2/modern_swarm_leader_follower/ros2_workspace/install/modern_swarm/bin'
[2.050s] [34mcolcon.colcon_core.environment[0m [1;30mLevel 1[0m checking '/Users/Mubiyn/Desktop/rp_2/modern_swarm_leader_follower/ros2_workspace/install/modern_swarm/lib/pkgconfig/modern_swarm.pc'
[2.050s] [34mcolcon.colcon_core.environment[0m [1;30mLevel 1[0m checking '/Users/Mubiyn/Desktop/rp_2/modern_swarm_leader_follower/ros2_workspace/install/modern_swarm/lib/python3.11/site-packages'
[2.050s] [34mcolcon.colcon_core.environment[0m [1;30mLevel 1[0m checking '/Users/Mubiyn/Desktop/rp_2/modern_swarm_leader_follower/ros2_workspace/install/modern_swarm/bin'
[2.050s] [34mcolcon.colcon_core.shell[0m [1;30mINFO[0m Creating package script '/Users/Mubiyn/Desktop/rp_2/modern_swarm_leader_follower/ros2_workspace/install/modern_swarm/share/modern_swarm/package.ps1'
[2.051s] [34mcolcon.colcon_core.shell[0m [1;30mINFO[0m Creating package descriptor '/Users/Mubiyn/Desktop/rp_2/modern_swarm_leader_follower/ros2_workspace/install/modern_swarm/share/modern_swarm/package.dsv'
[2.051s] [34mcolcon.colcon_core.shell[0m [1;30mINFO[0m Creating package script '/Users/Mubiyn/Desktop/rp_2/modern_swarm_leader_follower/ros2_workspace/install/modern_swarm/share/modern_swarm/package.sh'
[2.052s] [34mcolcon.colcon_core.shell[0m [1;30mINFO[0m Creating package script '/Users/Mubiyn/Desktop/rp_2/modern_swarm_leader_follower/ros2_workspace/install/modern_swarm/share/modern_swarm/package.bash'
[2.052s] [34mcolcon.colcon_core.shell[0m [1;30mINFO[0m Creating package script '/Users/Mubiyn/Desktop/rp_2/modern_swarm_leader_follower/ros2_workspace/install/modern_swarm/share/modern_swarm/package.zsh'
[2.053s] [34mcolcon.colcon_core.environment[0m [1;30mLevel 1[0m create_file_with_runtime_dependencies(/Users/Mubiyn/Desktop/rp_2/modern_swarm_leader_follower/ros2_workspace/install/modern_swarm/share/colcon-core/packages/modern_swarm)
[2.053s] [34mcolcon.colcon_parallel_executor.executor.parallel[0m [1;30mDEBUG[0m [32mclosing loop[0m
[2.053s] [34mcolcon.colcon_parallel_executor.executor.parallel[0m [1;30mDEBUG[0m [32mloop closed[0m
[2.053s] [34mcolcon.colcon_parallel_executor.executor.parallel[0m [1;30mDEBUG[0m [32mrun_until_complete finished with '1'[0m
[2.053s] [34mcolcon.colcon_core.event_reactor[0m [1;30mDEBUG[0m [32mjoining thread[0m
[2.053s] [34mcolcon.colcon_core.event_reactor[0m [1;30mDEBUG[0m [32mjoined thread[0m
[2.054s] [34mcolcon.colcon_core.shell[0m [1;30mINFO[0m Creating prefix script '/Users/Mubiyn/Desktop/rp_2/modern_swarm_leader_follower/ros2_workspace/install/local_setup.ps1'
[2.054s] [34mcolcon.colcon_core.shell[0m [1;30mINFO[0m Creating prefix util module '/Users/Mubiyn/Desktop/rp_2/modern_swarm_leader_follower/ros2_workspace/install/_local_setup_util_ps1.py'
[2.055s] [34mcolcon.colcon_core.shell[0m [1;30mINFO[0m Creating prefix chain script '/Users/Mubiyn/Desktop/rp_2/modern_swarm_leader_follower/ros2_workspace/install/setup.ps1'
[2.056s] [34mcolcon.colcon_core.shell[0m [1;30mINFO[0m Creating prefix script '/Users/Mubiyn/Desktop/rp_2/modern_swarm_leader_follower/ros2_workspace/install/local_setup.sh'
[2.057s] [34mcolcon.colcon_core.shell[0m [1;30mINFO[0m Creating prefix util module '/Users/Mubiyn/Desktop/rp_2/modern_swarm_leader_follower/ros2_workspace/install/_local_setup_util_sh.py'
[2.057s] [34mcolcon.colcon_core.shell[0m [1;30mINFO[0m Creating prefix chain script '/Users/Mubiyn/Desktop/rp_2/modern_swarm_leader_follower/ros2_workspace/install/setup.sh'
[2.058s] [34mcolcon.colcon_core.shell[0m [1;30mINFO[0m Creating prefix script '/Users/Mubiyn/Desktop/rp_2/modern_swarm_leader_follower/ros2_workspace/install/local_setup.bash'
[2.058s] [34mcolcon.colcon_core.shell[0m [1;30mINFO[0m Creating prefix chain script '/Users/Mubiyn/Desktop/rp_2/modern_swarm_leader_follower/ros2_workspace/install/setup.bash'
[2.059s] [34mcolcon.colcon_core.shell[0m [1;30mINFO[0m Creating prefix script '/Users/Mubiyn/Desktop/rp_2/modern_swarm_leader_follower/ros2_workspace/install/local_setup.zsh'
[2.059s] [34mcolcon.colcon_core.shell[0m [1;30mINFO[0m Creating prefix chain script '/Users/Mubiyn/Desktop/rp_2/modern_swarm_leader_follower/ros2_workspace/install/setup.zsh'
