[0.037s] Invoking command in '/Users/Mubiyn/Desktop/rp_2/modern_swarm_leader_follower/ros2_workspace/build/modern_swarm': CMAKE_PREFIX_PATH=${CMAKE_PREFIX_PATH}:/opt/miniconda3/envs/ros2 CONDA_PROMPT_MODIFIER=(ros2) SHLVL=2 _=/opt/miniconda3/envs/ros2/bin/env /opt/miniconda3/envs/ros2/bin/cmake --build /Users/Mubiyn/Desktop/rp_2/modern_swarm_leader_follower/ros2_workspace/build/modern_swarm -- -j8 -l8
[0.279s] -- Found ament_cmake: 1.3.11 (/opt/miniconda3/envs/ros2/share/ament_cmake/cmake)
[0.510s] -- Override CMake install command with custom implementation using symlinks instead of copying resources
[0.547s] -- Found rclcpp: 16.0.11 (/opt/miniconda3/envs/ros2/share/rclcpp/cmake)
[0.637s] -- Found rosidl_generator_c: 3.1.6 (/opt/miniconda3/envs/ros2/share/rosidl_generator_c/cmake)
[0.644s] -- Found rosidl_adapter: 3.1.6 (/opt/miniconda3/envs/ros2/share/rosidl_adapter/cmake)
[0.662s] -- Found rosidl_generator_cpp: 3.1.6 (/opt/miniconda3/envs/ros2/share/rosidl_generator_cpp/cmake)
[0.686s] -- Using all available rosidl_typesupport_c: rosidl_typesupport_fastrtps_c;rosidl_typesupport_introspection_c
[0.715s] -- Using all available rosidl_typesupport_cpp: rosidl_typesupport_fastrtps_cpp;rosidl_typesupport_introspection_cpp
[0.934s] -- Found rmw_implementation_cmake: 6.1.2 (/opt/miniconda3/envs/ros2/share/rmw_implementation_cmake/cmake)
[0.938s] -- Found rmw_fastrtps_cpp: 6.2.7 (/opt/miniconda3/envs/ros2/share/rmw_fastrtps_cpp/cmake)
[1.241s] -- Using RMW implementation 'rmw_fastrtps_cpp' as default
[1.342s] -- Found rclpy: 3.3.15 (/opt/miniconda3/envs/ros2/share/rclpy/cmake)
[1.345s] -- Found std_msgs: 4.2.4 (/opt/miniconda3/envs/ros2/share/std_msgs/cmake)
[1.375s] -- Found geometry_msgs: 4.2.4 (/opt/miniconda3/envs/ros2/share/geometry_msgs/cmake)
[1.406s] -- Found sensor_msgs: 4.2.4 (/opt/miniconda3/envs/ros2/share/sensor_msgs/cmake)
[1.449s] -- Found nav_msgs: 4.2.4 (/opt/miniconda3/envs/ros2/share/nav_msgs/cmake)
[1.489s] -- Found tf2: 0.25.10 (/opt/miniconda3/envs/ros2/share/tf2/cmake)
[1.500s] -- Found tf2_ros: 0.25.10 (/opt/miniconda3/envs/ros2/share/tf2_ros/cmake)
[1.687s] -- Found cv_bridge: 3.2.1 (/opt/miniconda3/envs/ros2/share/cv_bridge/cmake)
[1.714s] -- Found image_transport: 3.1.10 (/opt/miniconda3/envs/ros2/share/image_transport/cmake)
[1.724s] -- Found rosidl_default_generators: 1.2.0 (/opt/miniconda3/envs/ros2/share/rosidl_default_generators/cmake)
[1.842s] -- Found ament_lint_auto: 0.12.11 (/opt/miniconda3/envs/ros2/share/ament_lint_auto/cmake)
[1.959s] -- Added test 'copyright' to check source files copyright and LICENSE
[1.968s] -- Added test 'flake8' to check Python code syntax and style conventions
[1.969s] -- Added test 'lint_cmake' to check CMake code style
[1.970s] -- Added test 'pep257' to check Python code against some of the docstring style conventions in PEP 257
[1.974s] -- Added test 'xmllint' to check XML markup files
[1.979s] -- Configuring done (1.8s)
[2.050s] -- Generating done (0.1s)
[2.051s] -- Build files have been written to: /Users/Mubiyn/Desktop/rp_2/modern_swarm_leader_follower/ros2_workspace/build/modern_swarm
[2.155s] Built target ament_cmake_python_symlink_modern_swarm
[2.516s] running egg_info
[2.529s] writing modern_swarm.egg-info/PKG-INFO
[2.529s] writing dependency_links to modern_swarm.egg-info/dependency_links.txt
[2.530s] writing top-level names to modern_swarm.egg-info/top_level.txt
[2.570s] reading manifest file 'modern_swarm.egg-info/SOURCES.txt'
[2.570s] writing manifest file 'modern_swarm.egg-info/SOURCES.txt'
[2.625s] Built target ament_cmake_python_build_modern_swarm_egg
[2.645s] Invoked command in '/Users/Mubiyn/Desktop/rp_2/modern_swarm_leader_follower/ros2_workspace/build/modern_swarm' returned '0': CMAKE_PREFIX_PATH=${CMAKE_PREFIX_PATH}:/opt/miniconda3/envs/ros2 CONDA_PROMPT_MODIFIER=(ros2) SHLVL=2 _=/opt/miniconda3/envs/ros2/bin/env /opt/miniconda3/envs/ros2/bin/cmake --build /Users/Mubiyn/Desktop/rp_2/modern_swarm_leader_follower/ros2_workspace/build/modern_swarm -- -j8 -l8
[2.825s] Invoking command in '/Users/Mubiyn/Desktop/rp_2/modern_swarm_leader_follower/ros2_workspace/build/modern_swarm': CMAKE_PREFIX_PATH=${CMAKE_PREFIX_PATH}:/opt/miniconda3/envs/ros2 CONDA_PROMPT_MODIFIER=(ros2) SHLVL=2 _=/opt/miniconda3/envs/ros2/bin/env /opt/miniconda3/envs/ros2/bin/cmake --install /Users/Mubiyn/Desktop/rp_2/modern_swarm_leader_follower/ros2_workspace/build/modern_swarm
[2.847s] -- Install configuration: ""
[2.848s] -- Execute custom install script
[2.849s] -- Up-to-date symlink: /Users/Mubiyn/Desktop/rp_2/modern_swarm_leader_follower/ros2_workspace/install/modern_swarm/share/modern_swarm/environment/pythonpath.sh
[2.849s] -- Up-to-date symlink: /Users/Mubiyn/Desktop/rp_2/modern_swarm_leader_follower/ros2_workspace/install/modern_swarm/share/modern_swarm/environment/pythonpath.dsv
[2.849s] -- Up-to-date symlink: /Users/Mubiyn/Desktop/rp_2/modern_swarm_leader_follower/ros2_workspace/install/modern_swarm/lib/python3.11/site-packages/modern_swarm-1.0.0-py3.11.egg-info/PKG-INFO
[2.849s] -- Up-to-date symlink: /Users/Mubiyn/Desktop/rp_2/modern_swarm_leader_follower/ros2_workspace/install/modern_swarm/lib/python3.11/site-packages/modern_swarm-1.0.0-py3.11.egg-info/SOURCES.txt
[2.849s] -- Up-to-date symlink: /Users/Mubiyn/Desktop/rp_2/modern_swarm_leader_follower/ros2_workspace/install/modern_swarm/lib/python3.11/site-packages/modern_swarm-1.0.0-py3.11.egg-info/dependency_links.txt
[2.849s] -- Up-to-date symlink: /Users/Mubiyn/Desktop/rp_2/modern_swarm_leader_follower/ros2_workspace/install/modern_swarm/lib/python3.11/site-packages/modern_swarm-1.0.0-py3.11.egg-info/top_level.txt
[2.849s] -- Up-to-date symlink: /Users/Mubiyn/Desktop/rp_2/modern_swarm_leader_follower/ros2_workspace/install/modern_swarm/lib/python3.11/site-packages/modern_swarm/__init__.py
[2.850s] -- Up-to-date symlink: /Users/Mubiyn/Desktop/rp_2/modern_swarm_leader_follower/ros2_workspace/install/modern_swarm/lib/python3.11/site-packages/modern_swarm/robot_simulator.py
[2.850s] -- Up-to-date symlink: /Users/Mubiyn/Desktop/rp_2/modern_swarm_leader_follower/ros2_workspace/install/modern_swarm/lib/python3.11/site-packages/modern_swarm/swarm_controller.py
[2.850s] -- Up-to-date symlink: /Users/Mubiyn/Desktop/rp_2/modern_swarm_leader_follower/ros2_workspace/install/modern_swarm/lib/modern_swarm/vision_node.py
[2.850s] -- Up-to-date symlink: /Users/Mubiyn/Desktop/rp_2/modern_swarm_leader_follower/ros2_workspace/install/modern_swarm/lib/modern_swarm/follower_controller_node.py
[2.850s] -- Up-to-date symlink: /Users/Mubiyn/Desktop/rp_2/modern_swarm_leader_follower/ros2_workspace/install/modern_swarm/lib/modern_swarm/unified_swarm_ros2.py
[2.850s] -- Up-to-date symlink: /Users/Mubiyn/Desktop/rp_2/modern_swarm_leader_follower/ros2_workspace/install/modern_swarm/lib/modern_swarm/test_ros2_integration.py
[2.850s] -- Symlinking: /Users/Mubiyn/Desktop/rp_2/modern_swarm_leader_follower/ros2_workspace/install/modern_swarm/lib/modern_swarm/test_goal_navigation.py
[2.877s] -- Up-to-date symlink: /Users/Mubiyn/Desktop/rp_2/modern_swarm_leader_follower/ros2_workspace/install/modern_swarm/share/modern_swarm//launch/enhanced_swarm_with_vision.launch.py
[2.877s] -- Up-to-date symlink: /Users/Mubiyn/Desktop/rp_2/modern_swarm_leader_follower/ros2_workspace/install/modern_swarm/share/modern_swarm//launch/robot_swarm_with_models.launch.py
[2.878s] -- Up-to-date symlink: /Users/Mubiyn/Desktop/rp_2/modern_swarm_leader_follower/ros2_workspace/install/modern_swarm/share/modern_swarm//launch/simple_gazebo_swarm.launch.py
[2.879s] -- Up-to-date symlink: /Users/Mubiyn/Desktop/rp_2/modern_swarm_leader_follower/ros2_workspace/install/modern_swarm/share/modern_swarm//launch/simple_swarm_demo.launch.py
[2.880s] -- Up-to-date symlink: /Users/Mubiyn/Desktop/rp_2/modern_swarm_leader_follower/ros2_workspace/install/modern_swarm/share/modern_swarm//launch/swarm_leader_follower.launch.py
[2.880s] -- Up-to-date symlink: /Users/Mubiyn/Desktop/rp_2/modern_swarm_leader_follower/ros2_workspace/install/modern_swarm/share/modern_swarm//launch/unified_swarm_gazebo.launch.py
[2.880s] -- Up-to-date symlink: /Users/Mubiyn/Desktop/rp_2/modern_swarm_leader_follower/ros2_workspace/install/modern_swarm/share/modern_swarm//launch/unified_swarm_rviz.launch.py
[2.880s] -- Up-to-date symlink: /Users/Mubiyn/Desktop/rp_2/modern_swarm_leader_follower/ros2_workspace/install/modern_swarm/share/modern_swarm//config/robot_params.yaml
[2.880s] -- Up-to-date symlink: /Users/Mubiyn/Desktop/rp_2/modern_swarm_leader_follower/ros2_workspace/install/modern_swarm/share/modern_swarm//config/simple_swarm.rviz
[2.880s] -- Up-to-date symlink: /Users/Mubiyn/Desktop/rp_2/modern_swarm_leader_follower/ros2_workspace/install/modern_swarm/share/modern_swarm//config/swarm_visualization.rviz
[2.881s] -- Up-to-date symlink: /Users/Mubiyn/Desktop/rp_2/modern_swarm_leader_follower/ros2_workspace/install/modern_swarm/share/modern_swarm//config/working_swarm.rviz
[2.881s] -- Up-to-date symlink: /Users/Mubiyn/Desktop/rp_2/modern_swarm_leader_follower/ros2_workspace/install/modern_swarm/share/modern_swarm//urdf/swarm_robot.urdf
[2.881s] -- Up-to-date symlink: /Users/Mubiyn/Desktop/rp_2/modern_swarm_leader_follower/ros2_workspace/install/modern_swarm/share/modern_swarm//urdf/swarm_robot.urdf.xacro
[2.882s] -- Up-to-date symlink: /Users/Mubiyn/Desktop/rp_2/modern_swarm_leader_follower/ros2_workspace/install/modern_swarm/share/modern_swarm//worlds/simple_swarm.world
[2.882s] -- Up-to-date symlink: /Users/Mubiyn/Desktop/rp_2/modern_swarm_leader_follower/ros2_workspace/install/modern_swarm/share/modern_swarm//worlds/swarm_arena.world
[2.883s] -- Up-to-date symlink: /Users/Mubiyn/Desktop/rp_2/modern_swarm_leader_follower/ros2_workspace/install/modern_swarm/share/ament_index/resource_index/package_run_dependencies/modern_swarm
[2.883s] -- Up-to-date symlink: /Users/Mubiyn/Desktop/rp_2/modern_swarm_leader_follower/ros2_workspace/install/modern_swarm/share/ament_index/resource_index/parent_prefix_path/modern_swarm
[2.884s] -- Up-to-date symlink: /Users/Mubiyn/Desktop/rp_2/modern_swarm_leader_follower/ros2_workspace/install/modern_swarm/share/modern_swarm/environment/ament_prefix_path.sh
[2.884s] -- Up-to-date symlink: /Users/Mubiyn/Desktop/rp_2/modern_swarm_leader_follower/ros2_workspace/install/modern_swarm/share/modern_swarm/environment/ament_prefix_path.dsv
[2.885s] -- Up-to-date symlink: /Users/Mubiyn/Desktop/rp_2/modern_swarm_leader_follower/ros2_workspace/install/modern_swarm/share/modern_swarm/environment/path.sh
[2.885s] -- Up-to-date symlink: /Users/Mubiyn/Desktop/rp_2/modern_swarm_leader_follower/ros2_workspace/install/modern_swarm/share/modern_swarm/environment/path.dsv
[2.885s] -- Up-to-date symlink: /Users/Mubiyn/Desktop/rp_2/modern_swarm_leader_follower/ros2_workspace/install/modern_swarm/share/modern_swarm/local_setup.bash
[2.885s] -- Up-to-date symlink: /Users/Mubiyn/Desktop/rp_2/modern_swarm_leader_follower/ros2_workspace/install/modern_swarm/share/modern_swarm/local_setup.sh
[2.886s] -- Up-to-date symlink: /Users/Mubiyn/Desktop/rp_2/modern_swarm_leader_follower/ros2_workspace/install/modern_swarm/share/modern_swarm/local_setup.zsh
[2.886s] -- Up-to-date symlink: /Users/Mubiyn/Desktop/rp_2/modern_swarm_leader_follower/ros2_workspace/install/modern_swarm/share/modern_swarm/local_setup.dsv
[2.886s] -- Symlinking: /Users/Mubiyn/Desktop/rp_2/modern_swarm_leader_follower/ros2_workspace/install/modern_swarm/share/modern_swarm/package.dsv
[2.915s] -- Up-to-date symlink: /Users/Mubiyn/Desktop/rp_2/modern_swarm_leader_follower/ros2_workspace/install/modern_swarm/share/ament_index/resource_index/packages/modern_swarm
[2.915s] -- Up-to-date symlink: /Users/Mubiyn/Desktop/rp_2/modern_swarm_leader_follower/ros2_workspace/install/modern_swarm/share/modern_swarm/cmake/modern_swarmConfig.cmake
[2.915s] -- Up-to-date symlink: /Users/Mubiyn/Desktop/rp_2/modern_swarm_leader_follower/ros2_workspace/install/modern_swarm/share/modern_swarm/cmake/modern_swarmConfig-version.cmake
[2.916s] -- Up-to-date symlink: /Users/Mubiyn/Desktop/rp_2/modern_swarm_leader_follower/ros2_workspace/install/modern_swarm/share/modern_swarm/package.xml
[2.969s] Listing 'lib/python3.11/site-packages/modern_swarm'...
[2.969s] Can't list 'lib/python3.11/site-packages/modern_swarm'
[2.978s] Invoked command in '/Users/Mubiyn/Desktop/rp_2/modern_swarm_leader_follower/ros2_workspace/build/modern_swarm' returned '0': CMAKE_PREFIX_PATH=${CMAKE_PREFIX_PATH}:/opt/miniconda3/envs/ros2 CONDA_PROMPT_MODIFIER=(ros2) SHLVL=2 _=/opt/miniconda3/envs/ros2/bin/env /opt/miniconda3/envs/ros2/bin/cmake --install /Users/Mubiyn/Desktop/rp_2/modern_swarm_leader_follower/ros2_workspace/build/modern_swarm
