[0.025s] Invoking command in '/Users/Mubiyn/Desktop/rp_2/modern_swarm_leader_follower/ros2_workspace/build/modern_swarm': CMAKE_PREFIX_PATH=${CMAKE_PREFIX_PATH}:/opt/miniconda3/envs/ros2:/Users/Mubiyn/Desktop/rp_2/modern_swarm_leader_follower/ros2_workspace/install CONDA_PROMPT_MODIFIER=(ros2) SHLVL=2 _=/opt/miniconda3/envs/ros2/bin/env /opt/miniconda3/envs/ros2/bin/cmake /Users/Mubiyn/Desktop/rp_2/modern_swarm_leader_follower/ros2_workspace/src/modern_swarm -DAMENT_CMAKE_SYMLINK_INSTALL=1 -DCMAKE_INSTALL_PREFIX=/Users/Mubiyn/Desktop/rp_2/modern_swarm_leader_follower/ros2_workspace/install/modern_swarm
[0.838s] -- The C compiler identification is Clang 18.1.8
[1.119s] -- The CXX compiler identification is Clang 18.1.8
[1.161s] -- Detecting C compiler ABI info
[1.386s] -- Detecting C compiler ABI info - done
[1.393s] -- Check for working C compiler: /opt/miniconda3/envs/ros2/bin/arm64-apple-darwin20.0.0-clang - skipped
[1.393s] -- Detecting C compile features
[1.394s] -- Detecting C compile features - done
[1.402s] -- Detecting CXX compiler ABI info
[1.609s] -- Detecting CXX compiler ABI info - done
[1.616s] -- Check for working CXX compiler: /opt/miniconda3/envs/ros2/bin/arm64-apple-darwin20.0.0-clang++ - skipped
[1.617s] -- Detecting CXX compile features
[1.617s] -- Detecting CXX compile features - done
[1.649s] -- Found ament_cmake: 1.3.11 (/opt/miniconda3/envs/ros2/share/ament_cmake/cmake)
[1.773s] -- Found Python3: /opt/miniconda3/envs/ros2/bin/python3 (found version "3.11.13") found components: Interpreter
[1.828s] -- Override CMake install command with custom implementation using symlinks instead of copying resources
[2.037s] -- Found rclcpp: 16.0.11 (/opt/miniconda3/envs/ros2/share/rclcpp/cmake)
[2.249s] -- Found rosidl_generator_c: 3.1.6 (/opt/miniconda3/envs/ros2/share/rosidl_generator_c/cmake)
[2.280s] -- Found rosidl_adapter: 3.1.6 (/opt/miniconda3/envs/ros2/share/rosidl_adapter/cmake)
[2.321s] -- Found rosidl_generator_cpp: 3.1.6 (/opt/miniconda3/envs/ros2/share/rosidl_generator_cpp/cmake)
[2.369s] -- Using all available rosidl_typesupport_c: rosidl_typesupport_fastrtps_c;rosidl_typesupport_introspection_c
[2.433s] -- Using all available rosidl_typesupport_cpp: rosidl_typesupport_fastrtps_cpp;rosidl_typesupport_introspection_cpp
[2.677s] -- Checking for module 'yaml-0.1'
[2.840s] --   Found yaml-0.1, version 0.2.5
[3.304s] -- Found rmw_implementation_cmake: 6.1.2 (/opt/miniconda3/envs/ros2/share/rmw_implementation_cmake/cmake)
[3.320s] -- Found rmw_fastrtps_cpp: 6.2.7 (/opt/miniconda3/envs/ros2/share/rmw_fastrtps_cpp/cmake)
[4.060s] -- Found OpenSSL: /opt/homebrew/opt/openssl@3/lib/libcrypto.dylib (found version "3.5.0")
[4.325s] -- Found FastRTPS: /opt/miniconda3/envs/ros2/include
[4.411s] -- Using RMW implementation 'rmw_fastrtps_cpp' as default
[4.476s] -- Performing Test CMAKE_HAVE_LIBC_PTHREAD
[4.742s] -- Performing Test CMAKE_HAVE_LIBC_PTHREAD - Success
[4.742s] -- Found Threads: TRUE
[4.856s] -- Found rclpy: 3.3.15 (/opt/miniconda3/envs/ros2/share/rclpy/cmake)
[4.869s] -- Found std_msgs: 4.2.4 (/opt/miniconda3/envs/ros2/share/std_msgs/cmake)
[4.907s] -- Found geometry_msgs: 4.2.4 (/opt/miniconda3/envs/ros2/share/geometry_msgs/cmake)
[4.944s] -- Found sensor_msgs: 4.2.4 (/opt/miniconda3/envs/ros2/share/sensor_msgs/cmake)
[4.988s] -- Found nav_msgs: 4.2.4 (/opt/miniconda3/envs/ros2/share/nav_msgs/cmake)
[5.032s] -- Found tf2: 0.25.10 (/opt/miniconda3/envs/ros2/share/tf2/cmake)
[5.065s] -- Found tf2_ros: 0.25.10 (/opt/miniconda3/envs/ros2/share/tf2_ros/cmake)
[5.344s] -- Found cv_bridge: 3.2.1 (/opt/miniconda3/envs/ros2/share/cv_bridge/cmake)
[5.386s] -- Found image_transport: 3.1.10 (/opt/miniconda3/envs/ros2/share/image_transport/cmake)
[5.432s] -- Found rosidl_default_generators: 1.2.0 (/opt/miniconda3/envs/ros2/share/rosidl_default_generators/cmake)
[5.763s] CMake Error at /opt/miniconda3/envs/ros2/share/rosidl_cmake/cmake/rosidl_generate_interfaces.cmake:229 (message):
[5.763s]   Packages installing interfaces must include
[5.763s]   '<member_of_group>rosidl_interface_packages</member_of_group>' in their
[5.763s]   package.xml
[5.763s] Call Stack (most recent call first):
[5.763s]   CMakeLists.txt:59 (rosidl_generate_interfaces)
[5.763s] 
[5.763s] 
[5.763s] -- Configuring incomplete, errors occurred!
[5.770s] Invoked command in '/Users/Mubiyn/Desktop/rp_2/modern_swarm_leader_follower/ros2_workspace/build/modern_swarm' returned '1': CMAKE_PREFIX_PATH=${CMAKE_PREFIX_PATH}:/opt/miniconda3/envs/ros2:/Users/Mubiyn/Desktop/rp_2/modern_swarm_leader_follower/ros2_workspace/install CONDA_PROMPT_MODIFIER=(ros2) SHLVL=2 _=/opt/miniconda3/envs/ros2/bin/env /opt/miniconda3/envs/ros2/bin/cmake /Users/Mubiyn/Desktop/rp_2/modern_swarm_leader_follower/ros2_workspace/src/modern_swarm -DAMENT_CMAKE_SYMLINK_INSTALL=1 -DCMAKE_INSTALL_PREFIX=/Users/Mubiyn/Desktop/rp_2/modern_swarm_leader_follower/ros2_workspace/install/modern_swarm
