-- Found ament_cmake: 1.3.11 (/opt/miniconda3/envs/ros2/share/ament_cmake/cmake)
-- Override CMake install command with custom implementation using symlinks instead of copying resources
-- Found rclcpp: 16.0.11 (/opt/miniconda3/envs/ros2/share/rclcpp/cmake)
-- Found rosidl_generator_c: 3.1.6 (/opt/miniconda3/envs/ros2/share/rosidl_generator_c/cmake)
-- Found rosidl_adapter: 3.1.6 (/opt/miniconda3/envs/ros2/share/rosidl_adapter/cmake)
-- Found rosidl_generator_cpp: 3.1.6 (/opt/miniconda3/envs/ros2/share/rosidl_generator_cpp/cmake)
-- Using all available rosidl_typesupport_c: rosidl_typesupport_fastrtps_c;rosidl_typesupport_introspection_c
-- Using all available rosidl_typesupport_cpp: rosidl_typesupport_fastrtps_cpp;rosidl_typesupport_introspection_cpp
-- Found rmw_implementation_cmake: 6.1.2 (/opt/miniconda3/envs/ros2/share/rmw_implementation_cmake/cmake)
-- Found rmw_fastrtps_cpp: 6.2.7 (/opt/miniconda3/envs/ros2/share/rmw_fastrtps_cpp/cmake)
-- Using RMW implementation 'rmw_fastrtps_cpp' as default
-- Found rclpy: 3.3.15 (/opt/miniconda3/envs/ros2/share/rclpy/cmake)
-- Found std_msgs: 4.2.4 (/opt/miniconda3/envs/ros2/share/std_msgs/cmake)
-- Found geometry_msgs: 4.2.4 (/opt/miniconda3/envs/ros2/share/geometry_msgs/cmake)
-- Found sensor_msgs: 4.2.4 (/opt/miniconda3/envs/ros2/share/sensor_msgs/cmake)
-- Found nav_msgs: 4.2.4 (/opt/miniconda3/envs/ros2/share/nav_msgs/cmake)
-- Found tf2: 0.25.10 (/opt/miniconda3/envs/ros2/share/tf2/cmake)
-- Found tf2_ros: 0.25.10 (/opt/miniconda3/envs/ros2/share/tf2_ros/cmake)
-- Found cv_bridge: 3.2.1 (/opt/miniconda3/envs/ros2/share/cv_bridge/cmake)
-- Found image_transport: 3.1.10 (/opt/miniconda3/envs/ros2/share/image_transport/cmake)
-- Found rosidl_default_generators: 1.2.0 (/opt/miniconda3/envs/ros2/share/rosidl_default_generators/cmake)
CMake Error at /opt/miniconda3/envs/ros2/share/rosidl_cmake/cmake/rosidl_generate_interfaces.cmake:229 (message):
  Packages installing interfaces must include
  '<member_of_group>rosidl_interface_packages</member_of_group>' in their
  package.xml
Call Stack (most recent call first):
  CMakeLists.txt:59 (rosidl_generate_interfaces)


-- Configuring incomplete, errors occurred!
