[0.038s] Invoking command in '/Users/Mubiyn/Desktop/rp_2/modern_swarm_leader_follower/ros2_workspace/build/modern_swarm': CMAKE_PREFIX_PATH=${CMAKE_PREFIX_PATH}:/opt/miniconda3/envs/ros2 CONDA_PROMPT_MODIFIER=(ros2) SHLVL=2 _=/opt/miniconda3/envs/ros2/bin/env /opt/miniconda3/envs/ros2/bin/cmake /Users/Mubiyn/Desktop/rp_2/modern_swarm_leader_follower/ros2_workspace/src/modern_swarm -DCMAKE_INSTALL_PREFIX=/Users/Mubiyn/Desktop/rp_2/modern_swarm_leader_follower/ros2_workspace/install/modern_swarm
[0.218s] -- Found ament_cmake: 1.3.11 (/opt/miniconda3/envs/ros2/share/ament_cmake/cmake)
[0.387s] -- Override CMake install command with custom implementation using symlinks instead of copying resources
[0.422s] -- Found rclcpp: 16.0.11 (/opt/miniconda3/envs/ros2/share/rclcpp/cmake)
[0.502s] -- Found rosidl_generator_c: 3.1.6 (/opt/miniconda3/envs/ros2/share/rosidl_generator_c/cmake)
[0.508s] -- Found rosidl_adapter: 3.1.6 (/opt/miniconda3/envs/ros2/share/rosidl_adapter/cmake)
[0.524s] -- Found rosidl_generator_cpp: 3.1.6 (/opt/miniconda3/envs/ros2/share/rosidl_generator_cpp/cmake)
[0.545s] -- Using all available rosidl_typesupport_c: rosidl_typesupport_fastrtps_c;rosidl_typesupport_introspection_c
[0.571s] -- Using all available rosidl_typesupport_cpp: rosidl_typesupport_fastrtps_cpp;rosidl_typesupport_introspection_cpp
[0.762s] -- Found rmw_implementation_cmake: 6.1.2 (/opt/miniconda3/envs/ros2/share/rmw_implementation_cmake/cmake)
[0.767s] -- Found rmw_fastrtps_cpp: 6.2.7 (/opt/miniconda3/envs/ros2/share/rmw_fastrtps_cpp/cmake)
[1.018s] -- Using RMW implementation 'rmw_fastrtps_cpp' as default
[1.098s] -- Found rclpy: 3.3.15 (/opt/miniconda3/envs/ros2/share/rclpy/cmake)
[1.100s] -- Found std_msgs: 4.2.4 (/opt/miniconda3/envs/ros2/share/std_msgs/cmake)
[1.128s] -- Found geometry_msgs: 4.2.4 (/opt/miniconda3/envs/ros2/share/geometry_msgs/cmake)
[1.162s] -- Found sensor_msgs: 4.2.4 (/opt/miniconda3/envs/ros2/share/sensor_msgs/cmake)
[1.208s] -- Found nav_msgs: 4.2.4 (/opt/miniconda3/envs/ros2/share/nav_msgs/cmake)
[1.248s] -- Found tf2: 0.25.10 (/opt/miniconda3/envs/ros2/share/tf2/cmake)
[1.258s] -- Found tf2_ros: 0.25.10 (/opt/miniconda3/envs/ros2/share/tf2_ros/cmake)
[1.412s] -- Found cv_bridge: 3.2.1 (/opt/miniconda3/envs/ros2/share/cv_bridge/cmake)
[1.433s] -- Found image_transport: 3.1.10 (/opt/miniconda3/envs/ros2/share/image_transport/cmake)
[1.442s] -- Found rosidl_default_generators: 1.2.0 (/opt/miniconda3/envs/ros2/share/rosidl_default_generators/cmake)
[1.778s] CMake Error at /opt/miniconda3/envs/ros2/share/rosidl_cmake/cmake/rosidl_generate_interfaces.cmake:229 (message):
[1.778s]   Packages installing interfaces must include
[1.778s]   '<member_of_group>rosidl_interface_packages</member_of_group>' in their
[1.778s]   package.xml
[1.778s] Call Stack (most recent call first):
[1.778s]   CMakeLists.txt:60 (rosidl_generate_interfaces)
[1.778s] 
[1.778s] 
[1.779s] -- Configuring incomplete, errors occurred!
[1.788s] Invoked command in '/Users/Mubiyn/Desktop/rp_2/modern_swarm_leader_follower/ros2_workspace/build/modern_swarm' returned '1': CMAKE_PREFIX_PATH=${CMAKE_PREFIX_PATH}:/opt/miniconda3/envs/ros2 CONDA_PROMPT_MODIFIER=(ros2) SHLVL=2 _=/opt/miniconda3/envs/ros2/bin/env /opt/miniconda3/envs/ros2/bin/cmake /Users/Mubiyn/Desktop/rp_2/modern_swarm_leader_follower/ros2_workspace/src/modern_swarm -DCMAKE_INSTALL_PREFIX=/Users/Mubiyn/Desktop/rp_2/modern_swarm_leader_follower/ros2_workspace/install/modern_swarm
