[0.030s] Invoking command in '/Users/Mubiyn/Desktop/rp_2/modern_swarm_leader_follower/ros2_workspace/build/modern_swarm': CMAKE_PREFIX_PATH=${CMAKE_PREFIX_PATH}:/opt/miniconda3/envs/ros2 CONDA_PROMPT_MODIFIER=(ros2) SHLVL=3 VSCODE_ENV_PREPEND=PATH=/opt/miniconda3/envs/ros2/share/rubygems/bin\x3a/opt/miniconda3/envs/ros2/bin\x3a:PS1=(ros2) _=/usr/bin/env /opt/homebrew/bin/cmake /Users/Mubiyn/Desktop/rp_2/modern_swarm_leader_follower/ros2_workspace/src/modern_swarm -DAMENT_CMAKE_SYMLINK_INSTALL=1 -DCMAKE_INSTALL_PREFIX=/Users/Mubiyn/Desktop/rp_2/modern_swarm_leader_follower/ros2_workspace/install/modern_swarm
[0.156s] -- Found ament_cmake: 1.3.11 (/opt/miniconda3/envs/ros2/share/ament_cmake/cmake)
[0.384s] -- Override CMake install command with custom implementation using symlinks instead of copying resources
[0.421s] -- Found rclcpp: 16.0.11 (/opt/miniconda3/envs/ros2/share/rclcpp/cmake)
[0.511s] -- Found rosidl_generator_c: 3.1.6 (/opt/miniconda3/envs/ros2/share/rosidl_generator_c/cmake)
[0.517s] -- Found rosidl_adapter: 3.1.6 (/opt/miniconda3/envs/ros2/share/rosidl_adapter/cmake)
[0.533s] -- Found rosidl_generator_cpp: 3.1.6 (/opt/miniconda3/envs/ros2/share/rosidl_generator_cpp/cmake)
[0.557s] -- Using all available rosidl_typesupport_c: rosidl_typesupport_fastrtps_c;rosidl_typesupport_introspection_c
[0.587s] -- Using all available rosidl_typesupport_cpp: rosidl_typesupport_fastrtps_cpp;rosidl_typesupport_introspection_cpp
[0.806s] -- Found rmw_implementation_cmake: 6.1.2 (/opt/miniconda3/envs/ros2/share/rmw_implementation_cmake/cmake)
[0.812s] -- Found rmw_fastrtps_cpp: 6.2.7 (/opt/miniconda3/envs/ros2/share/rmw_fastrtps_cpp/cmake)
[1.094s] -- Using RMW implementation 'rmw_fastrtps_cpp' as default
[1.194s] -- Found rclpy: 3.3.15 (/opt/miniconda3/envs/ros2/share/rclpy/cmake)
[1.196s] -- Found std_msgs: 4.2.4 (/opt/miniconda3/envs/ros2/share/std_msgs/cmake)
[1.229s] -- Found geometry_msgs: 4.2.4 (/opt/miniconda3/envs/ros2/share/geometry_msgs/cmake)
[1.262s] -- Found sensor_msgs: 4.2.4 (/opt/miniconda3/envs/ros2/share/sensor_msgs/cmake)
[1.305s] -- Found nav_msgs: 4.2.4 (/opt/miniconda3/envs/ros2/share/nav_msgs/cmake)
[1.347s] -- Found tf2: 0.25.10 (/opt/miniconda3/envs/ros2/share/tf2/cmake)
[1.359s] -- Found tf2_ros: 0.25.10 (/opt/miniconda3/envs/ros2/share/tf2_ros/cmake)
[1.578s] -- Found cv_bridge: 3.2.1 (/opt/miniconda3/envs/ros2/share/cv_bridge/cmake)
[1.603s] -- Found image_transport: 3.1.10 (/opt/miniconda3/envs/ros2/share/image_transport/cmake)
[1.615s] -- Found rosidl_default_generators: 1.2.0 (/opt/miniconda3/envs/ros2/share/rosidl_default_generators/cmake)
[1.722s] -- Found ament_lint_auto: 0.12.11 (/opt/miniconda3/envs/ros2/share/ament_lint_auto/cmake)
[1.828s] -- Added test 'copyright' to check source files copyright and LICENSE
[1.836s] -- Added test 'flake8' to check Python code syntax and style conventions
[1.837s] -- Added test 'lint_cmake' to check CMake code style
[1.838s] -- Added test 'pep257' to check Python code against some of the docstring style conventions in PEP 257
[1.842s] -- Added test 'xmllint' to check XML markup files
[1.845s] -- Configuring done (1.8s)
[1.900s] -- Generating done (0.1s)
[1.901s] -- Build files have been written to: /Users/Mubiyn/Desktop/rp_2/modern_swarm_leader_follower/ros2_workspace/build/modern_swarm
[1.908s] Invoked command in '/Users/Mubiyn/Desktop/rp_2/modern_swarm_leader_follower/ros2_workspace/build/modern_swarm' returned '0': CMAKE_PREFIX_PATH=${CMAKE_PREFIX_PATH}:/opt/miniconda3/envs/ros2 CONDA_PROMPT_MODIFIER=(ros2) SHLVL=3 VSCODE_ENV_PREPEND=PATH=/opt/miniconda3/envs/ros2/share/rubygems/bin\x3a/opt/miniconda3/envs/ros2/bin\x3a:PS1=(ros2) _=/usr/bin/env /opt/homebrew/bin/cmake /Users/Mubiyn/Desktop/rp_2/modern_swarm_leader_follower/ros2_workspace/src/modern_swarm -DAMENT_CMAKE_SYMLINK_INSTALL=1 -DCMAKE_INSTALL_PREFIX=/Users/Mubiyn/Desktop/rp_2/modern_swarm_leader_follower/ros2_workspace/install/modern_swarm
[1.911s] Invoking command in '/Users/Mubiyn/Desktop/rp_2/modern_swarm_leader_follower/ros2_workspace/build/modern_swarm': CMAKE_PREFIX_PATH=${CMAKE_PREFIX_PATH}:/opt/miniconda3/envs/ros2 CONDA_PROMPT_MODIFIER=(ros2) SHLVL=3 VSCODE_ENV_PREPEND=PATH=/opt/miniconda3/envs/ros2/share/rubygems/bin\x3a/opt/miniconda3/envs/ros2/bin\x3a:PS1=(ros2) _=/usr/bin/env /opt/homebrew/bin/cmake --build /Users/Mubiyn/Desktop/rp_2/modern_swarm_leader_follower/ros2_workspace/build/modern_swarm -- -j8 -l8
[1.997s] Built target ament_cmake_python_symlink_modern_swarm
[2.340s] running egg_info
[2.352s] writing modern_swarm.egg-info/PKG-INFO
[2.352s] writing dependency_links to modern_swarm.egg-info/dependency_links.txt
[2.352s] writing top-level names to modern_swarm.egg-info/top_level.txt
[2.387s] reading manifest file 'modern_swarm.egg-info/SOURCES.txt'
[2.387s] writing manifest file 'modern_swarm.egg-info/SOURCES.txt'
[2.433s] Built target ament_cmake_python_build_modern_swarm_egg
[2.444s] Invoked command in '/Users/Mubiyn/Desktop/rp_2/modern_swarm_leader_follower/ros2_workspace/build/modern_swarm' returned '0': CMAKE_PREFIX_PATH=${CMAKE_PREFIX_PATH}:/opt/miniconda3/envs/ros2 CONDA_PROMPT_MODIFIER=(ros2) SHLVL=3 VSCODE_ENV_PREPEND=PATH=/opt/miniconda3/envs/ros2/share/rubygems/bin\x3a/opt/miniconda3/envs/ros2/bin\x3a:PS1=(ros2) _=/usr/bin/env /opt/homebrew/bin/cmake --build /Users/Mubiyn/Desktop/rp_2/modern_swarm_leader_follower/ros2_workspace/build/modern_swarm -- -j8 -l8
[2.658s] Invoking command in '/Users/Mubiyn/Desktop/rp_2/modern_swarm_leader_follower/ros2_workspace/build/modern_swarm': CMAKE_PREFIX_PATH=${CMAKE_PREFIX_PATH}:/opt/miniconda3/envs/ros2 CONDA_PROMPT_MODIFIER=(ros2) SHLVL=3 VSCODE_ENV_PREPEND=PATH=/opt/miniconda3/envs/ros2/share/rubygems/bin\x3a/opt/miniconda3/envs/ros2/bin\x3a:PS1=(ros2) _=/usr/bin/env /opt/homebrew/bin/cmake --install /Users/Mubiyn/Desktop/rp_2/modern_swarm_leader_follower/ros2_workspace/build/modern_swarm
[2.671s] -- Install configuration: ""
[2.671s] -- Execute custom install script
[2.672s] -- Up-to-date symlink: /Users/Mubiyn/Desktop/rp_2/modern_swarm_leader_follower/ros2_workspace/install/modern_swarm/share/modern_swarm/environment/pythonpath.sh
[2.672s] -- Up-to-date symlink: /Users/Mubiyn/Desktop/rp_2/modern_swarm_leader_follower/ros2_workspace/install/modern_swarm/share/modern_swarm/environment/pythonpath.dsv
[2.672s] -- Up-to-date symlink: /Users/Mubiyn/Desktop/rp_2/modern_swarm_leader_follower/ros2_workspace/install/modern_swarm/lib/python3.11/site-packages/modern_swarm-1.0.0-py3.11.egg-info/PKG-INFO
[2.672s] -- Up-to-date symlink: /Users/Mubiyn/Desktop/rp_2/modern_swarm_leader_follower/ros2_workspace/install/modern_swarm/lib/python3.11/site-packages/modern_swarm-1.0.0-py3.11.egg-info/SOURCES.txt
[2.673s] -- Up-to-date symlink: /Users/Mubiyn/Desktop/rp_2/modern_swarm_leader_follower/ros2_workspace/install/modern_swarm/lib/python3.11/site-packages/modern_swarm-1.0.0-py3.11.egg-info/dependency_links.txt
[2.673s] -- Up-to-date symlink: /Users/Mubiyn/Desktop/rp_2/modern_swarm_leader_follower/ros2_workspace/install/modern_swarm/lib/python3.11/site-packages/modern_swarm-1.0.0-py3.11.egg-info/top_level.txt
[2.677s] -- Up-to-date symlink: /Users/Mubiyn/Desktop/rp_2/modern_swarm_leader_follower/ros2_workspace/install/modern_swarm/lib/python3.11/site-packages/modern_swarm/__init__.py
[2.677s] -- Up-to-date symlink: /Users/Mubiyn/Desktop/rp_2/modern_swarm_leader_follower/ros2_workspace/install/modern_swarm/lib/python3.11/site-packages/modern_swarm/robot_simulator.py
[2.677s] -- Up-to-date symlink: /Users/Mubiyn/Desktop/rp_2/modern_swarm_leader_follower/ros2_workspace/install/modern_swarm/lib/python3.11/site-packages/modern_swarm/swarm_controller.py
[2.677s] -- Up-to-date symlink: /Users/Mubiyn/Desktop/rp_2/modern_swarm_leader_follower/ros2_workspace/install/modern_swarm/lib/modern_swarm/vision_node.py
[2.677s] -- Up-to-date symlink: /Users/Mubiyn/Desktop/rp_2/modern_swarm_leader_follower/ros2_workspace/install/modern_swarm/lib/modern_swarm/follower_controller_node.py
[2.677s] -- Up-to-date symlink: /Users/Mubiyn/Desktop/rp_2/modern_swarm_leader_follower/ros2_workspace/install/modern_swarm/lib/modern_swarm/unified_swarm_ros2.py
[2.677s] -- Up-to-date symlink: /Users/Mubiyn/Desktop/rp_2/modern_swarm_leader_follower/ros2_workspace/install/modern_swarm/lib/modern_swarm/test_ros2_integration.py
[2.678s] -- Up-to-date symlink: /Users/Mubiyn/Desktop/rp_2/modern_swarm_leader_follower/ros2_workspace/install/modern_swarm/lib/modern_swarm/test_goal_navigation.py
[2.678s] -- Up-to-date symlink: /Users/Mubiyn/Desktop/rp_2/modern_swarm_leader_follower/ros2_workspace/install/modern_swarm/share/modern_swarm//launch/enhanced_swarm_with_vision.launch.py
[2.679s] -- Up-to-date symlink: /Users/Mubiyn/Desktop/rp_2/modern_swarm_leader_follower/ros2_workspace/install/modern_swarm/share/modern_swarm//launch/robot_swarm_with_models.launch.py
[2.679s] -- Up-to-date symlink: /Users/Mubiyn/Desktop/rp_2/modern_swarm_leader_follower/ros2_workspace/install/modern_swarm/share/modern_swarm//launch/simple_gazebo_swarm.launch.py
[2.679s] -- Up-to-date symlink: /Users/Mubiyn/Desktop/rp_2/modern_swarm_leader_follower/ros2_workspace/install/modern_swarm/share/modern_swarm//launch/simple_swarm_demo.launch.py
[2.680s] -- Up-to-date symlink: /Users/Mubiyn/Desktop/rp_2/modern_swarm_leader_follower/ros2_workspace/install/modern_swarm/share/modern_swarm//launch/swarm_leader_follower.launch.py
[2.680s] -- Up-to-date symlink: /Users/Mubiyn/Desktop/rp_2/modern_swarm_leader_follower/ros2_workspace/install/modern_swarm/share/modern_swarm//launch/unified_swarm_gazebo.launch.py
[2.680s] -- Up-to-date symlink: /Users/Mubiyn/Desktop/rp_2/modern_swarm_leader_follower/ros2_workspace/install/modern_swarm/share/modern_swarm//launch/unified_swarm_rviz.launch.py
[2.681s] -- Up-to-date symlink: /Users/Mubiyn/Desktop/rp_2/modern_swarm_leader_follower/ros2_workspace/install/modern_swarm/share/modern_swarm//config/robot_params.yaml
[2.682s] -- Up-to-date symlink: /Users/Mubiyn/Desktop/rp_2/modern_swarm_leader_follower/ros2_workspace/install/modern_swarm/share/modern_swarm//config/simple_swarm.rviz
[2.682s] -- Up-to-date symlink: /Users/Mubiyn/Desktop/rp_2/modern_swarm_leader_follower/ros2_workspace/install/modern_swarm/share/modern_swarm//config/swarm_visualization.rviz
[2.682s] -- Up-to-date symlink: /Users/Mubiyn/Desktop/rp_2/modern_swarm_leader_follower/ros2_workspace/install/modern_swarm/share/modern_swarm//config/working_swarm.rviz
[2.682s] -- Up-to-date symlink: /Users/Mubiyn/Desktop/rp_2/modern_swarm_leader_follower/ros2_workspace/install/modern_swarm/share/modern_swarm//urdf/swarm_robot.urdf
[2.683s] -- Up-to-date symlink: /Users/Mubiyn/Desktop/rp_2/modern_swarm_leader_follower/ros2_workspace/install/modern_swarm/share/modern_swarm//urdf/swarm_robot.urdf.xacro
[2.683s] -- Up-to-date symlink: /Users/Mubiyn/Desktop/rp_2/modern_swarm_leader_follower/ros2_workspace/install/modern_swarm/share/modern_swarm//worlds/simple_swarm.world
[2.684s] -- Up-to-date symlink: /Users/Mubiyn/Desktop/rp_2/modern_swarm_leader_follower/ros2_workspace/install/modern_swarm/share/modern_swarm//worlds/swarm_arena.world
[2.684s] -- Up-to-date symlink: /Users/Mubiyn/Desktop/rp_2/modern_swarm_leader_follower/ros2_workspace/install/modern_swarm/share/ament_index/resource_index/package_run_dependencies/modern_swarm
[2.684s] -- Up-to-date symlink: /Users/Mubiyn/Desktop/rp_2/modern_swarm_leader_follower/ros2_workspace/install/modern_swarm/share/ament_index/resource_index/parent_prefix_path/modern_swarm
[2.685s] -- Up-to-date symlink: /Users/Mubiyn/Desktop/rp_2/modern_swarm_leader_follower/ros2_workspace/install/modern_swarm/share/modern_swarm/environment/ament_prefix_path.sh
[2.686s] -- Up-to-date symlink: /Users/Mubiyn/Desktop/rp_2/modern_swarm_leader_follower/ros2_workspace/install/modern_swarm/share/modern_swarm/environment/ament_prefix_path.dsv
[2.688s] -- Up-to-date symlink: /Users/Mubiyn/Desktop/rp_2/modern_swarm_leader_follower/ros2_workspace/install/modern_swarm/share/modern_swarm/environment/path.sh
[2.688s] -- Up-to-date symlink: /Users/Mubiyn/Desktop/rp_2/modern_swarm_leader_follower/ros2_workspace/install/modern_swarm/share/modern_swarm/environment/path.dsv
[2.688s] -- Up-to-date symlink: /Users/Mubiyn/Desktop/rp_2/modern_swarm_leader_follower/ros2_workspace/install/modern_swarm/share/modern_swarm/local_setup.bash
[2.688s] -- Up-to-date symlink: /Users/Mubiyn/Desktop/rp_2/modern_swarm_leader_follower/ros2_workspace/install/modern_swarm/share/modern_swarm/local_setup.sh
[2.689s] -- Up-to-date symlink: /Users/Mubiyn/Desktop/rp_2/modern_swarm_leader_follower/ros2_workspace/install/modern_swarm/share/modern_swarm/local_setup.zsh
[2.689s] -- Up-to-date symlink: /Users/Mubiyn/Desktop/rp_2/modern_swarm_leader_follower/ros2_workspace/install/modern_swarm/share/modern_swarm/local_setup.dsv
[2.689s] -- Symlinking: /Users/Mubiyn/Desktop/rp_2/modern_swarm_leader_follower/ros2_workspace/install/modern_swarm/share/modern_swarm/package.dsv
[2.704s] -- Up-to-date symlink: /Users/Mubiyn/Desktop/rp_2/modern_swarm_leader_follower/ros2_workspace/install/modern_swarm/share/ament_index/resource_index/packages/modern_swarm
[2.704s] -- Up-to-date symlink: /Users/Mubiyn/Desktop/rp_2/modern_swarm_leader_follower/ros2_workspace/install/modern_swarm/share/modern_swarm/cmake/modern_swarmConfig.cmake
[2.705s] -- Up-to-date symlink: /Users/Mubiyn/Desktop/rp_2/modern_swarm_leader_follower/ros2_workspace/install/modern_swarm/share/modern_swarm/cmake/modern_swarmConfig-version.cmake
[2.705s] -- Up-to-date symlink: /Users/Mubiyn/Desktop/rp_2/modern_swarm_leader_follower/ros2_workspace/install/modern_swarm/share/modern_swarm/package.xml
[2.758s] Listing 'lib/python3.11/site-packages/modern_swarm'...
[2.758s] Can't list 'lib/python3.11/site-packages/modern_swarm'
[2.765s] Invoked command in '/Users/Mubiyn/Desktop/rp_2/modern_swarm_leader_follower/ros2_workspace/build/modern_swarm' returned '0': CMAKE_PREFIX_PATH=${CMAKE_PREFIX_PATH}:/opt/miniconda3/envs/ros2 CONDA_PROMPT_MODIFIER=(ros2) SHLVL=3 VSCODE_ENV_PREPEND=PATH=/opt/miniconda3/envs/ros2/share/rubygems/bin\x3a/opt/miniconda3/envs/ros2/bin\x3a:PS1=(ros2) _=/usr/bin/env /opt/homebrew/bin/cmake --install /Users/Mubiyn/Desktop/rp_2/modern_swarm_leader_follower/ros2_workspace/build/modern_swarm
