[0.026s] Invoking command in '/Users/Mubiyn/Desktop/rp_2/modern_swarm_leader_follower/ros2_workspace/build/modern_swarm': CMAKE_PREFIX_PATH=${CMAKE_PREFIX_PATH}:/opt/miniconda3/envs/ros2 CONDA_PROMPT_MODIFIER=(ros2) SHLVL=2 _=/opt/miniconda3/envs/ros2/bin/env /opt/miniconda3/envs/ros2/bin/cmake --build /Users/Mubiyn/Desktop/rp_2/modern_swarm_leader_follower/ros2_workspace/build/modern_swarm -- -j8 -l8
[0.230s] -- Found ament_cmake: 1.3.11 (/opt/miniconda3/envs/ros2/share/ament_cmake/cmake)
[0.386s] -- Override CMake install command with custom implementation using symlinks instead of copying resources
[0.417s] -- Found rclcpp: 16.0.11 (/opt/miniconda3/envs/ros2/share/rclcpp/cmake)
[0.491s] -- Found rosidl_generator_c: 3.1.6 (/opt/miniconda3/envs/ros2/share/rosidl_generator_c/cmake)
[0.496s] -- Found rosidl_adapter: 3.1.6 (/opt/miniconda3/envs/ros2/share/rosidl_adapter/cmake)
[0.511s] -- Found rosidl_generator_cpp: 3.1.6 (/opt/miniconda3/envs/ros2/share/rosidl_generator_cpp/cmake)
[0.530s] -- Using all available rosidl_typesupport_c: rosidl_typesupport_fastrtps_c;rosidl_typesupport_introspection_c
[0.553s] -- Using all available rosidl_typesupport_cpp: rosidl_typesupport_fastrtps_cpp;rosidl_typesupport_introspection_cpp
[0.731s] -- Found rmw_implementation_cmake: 6.1.2 (/opt/miniconda3/envs/ros2/share/rmw_implementation_cmake/cmake)
[0.735s] -- Found rmw_fastrtps_cpp: 6.2.7 (/opt/miniconda3/envs/ros2/share/rmw_fastrtps_cpp/cmake)
[0.954s] -- Using RMW implementation 'rmw_fastrtps_cpp' as default
[1.032s] -- Found rclpy: 3.3.15 (/opt/miniconda3/envs/ros2/share/rclpy/cmake)
[1.034s] -- Found std_msgs: 4.2.4 (/opt/miniconda3/envs/ros2/share/std_msgs/cmake)
[1.060s] -- Found geometry_msgs: 4.2.4 (/opt/miniconda3/envs/ros2/share/geometry_msgs/cmake)
[1.085s] -- Found sensor_msgs: 4.2.4 (/opt/miniconda3/envs/ros2/share/sensor_msgs/cmake)
[1.117s] -- Found nav_msgs: 4.2.4 (/opt/miniconda3/envs/ros2/share/nav_msgs/cmake)
[1.148s] -- Found tf2: 0.25.10 (/opt/miniconda3/envs/ros2/share/tf2/cmake)
[1.157s] -- Found tf2_ros: 0.25.10 (/opt/miniconda3/envs/ros2/share/tf2_ros/cmake)
[1.302s] -- Found cv_bridge: 3.2.1 (/opt/miniconda3/envs/ros2/share/cv_bridge/cmake)
[1.321s] -- Found image_transport: 3.1.10 (/opt/miniconda3/envs/ros2/share/image_transport/cmake)
[1.330s] -- Found rosidl_default_generators: 1.2.0 (/opt/miniconda3/envs/ros2/share/rosidl_default_generators/cmake)
[1.403s] -- Found ament_lint_auto: 0.12.11 (/opt/miniconda3/envs/ros2/share/ament_lint_auto/cmake)
[1.483s] -- Added test 'copyright' to check source files copyright and LICENSE
[1.490s] -- Added test 'flake8' to check Python code syntax and style conventions
[1.491s] -- Added test 'lint_cmake' to check CMake code style
[1.492s] -- Added test 'pep257' to check Python code against some of the docstring style conventions in PEP 257
[1.494s] -- Added test 'xmllint' to check XML markup files
[1.497s] -- Configuring done (1.4s)
[1.544s] -- Generating done (0.0s)
[1.544s] -- Build files have been written to: /Users/Mubiyn/Desktop/rp_2/modern_swarm_leader_follower/ros2_workspace/build/modern_swarm
[1.620s] Built target ament_cmake_python_symlink_modern_swarm
[1.827s] running egg_info
[1.835s] writing modern_swarm.egg-info/PKG-INFO
[1.835s] writing dependency_links to modern_swarm.egg-info/dependency_links.txt
[1.836s] writing top-level names to modern_swarm.egg-info/top_level.txt
[1.860s] reading manifest file 'modern_swarm.egg-info/SOURCES.txt'
[1.860s] writing manifest file 'modern_swarm.egg-info/SOURCES.txt'
[1.895s] Built target ament_cmake_python_build_modern_swarm_egg
[1.908s] Invoked command in '/Users/Mubiyn/Desktop/rp_2/modern_swarm_leader_follower/ros2_workspace/build/modern_swarm' returned '0': CMAKE_PREFIX_PATH=${CMAKE_PREFIX_PATH}:/opt/miniconda3/envs/ros2 CONDA_PROMPT_MODIFIER=(ros2) SHLVL=2 _=/opt/miniconda3/envs/ros2/bin/env /opt/miniconda3/envs/ros2/bin/cmake --build /Users/Mubiyn/Desktop/rp_2/modern_swarm_leader_follower/ros2_workspace/build/modern_swarm -- -j8 -l8
[2.016s] Invoking command in '/Users/Mubiyn/Desktop/rp_2/modern_swarm_leader_follower/ros2_workspace/build/modern_swarm': CMAKE_PREFIX_PATH=${CMAKE_PREFIX_PATH}:/opt/miniconda3/envs/ros2 CONDA_PROMPT_MODIFIER=(ros2) SHLVL=2 _=/opt/miniconda3/envs/ros2/bin/env /opt/miniconda3/envs/ros2/bin/cmake --install /Users/Mubiyn/Desktop/rp_2/modern_swarm_leader_follower/ros2_workspace/build/modern_swarm
[2.030s] -- Install configuration: ""
[2.030s] -- Execute custom install script
[2.030s] -- Up-to-date symlink: /Users/Mubiyn/Desktop/rp_2/modern_swarm_leader_follower/ros2_workspace/install/modern_swarm/share/modern_swarm/environment/pythonpath.sh
[2.030s] -- Up-to-date symlink: /Users/Mubiyn/Desktop/rp_2/modern_swarm_leader_follower/ros2_workspace/install/modern_swarm/share/modern_swarm/environment/pythonpath.dsv
[2.031s] -- Up-to-date symlink: /Users/Mubiyn/Desktop/rp_2/modern_swarm_leader_follower/ros2_workspace/install/modern_swarm/lib/python3.11/site-packages/modern_swarm-1.0.0-py3.11.egg-info/PKG-INFO
[2.031s] -- Up-to-date symlink: /Users/Mubiyn/Desktop/rp_2/modern_swarm_leader_follower/ros2_workspace/install/modern_swarm/lib/python3.11/site-packages/modern_swarm-1.0.0-py3.11.egg-info/SOURCES.txt
[2.031s] -- Up-to-date symlink: /Users/Mubiyn/Desktop/rp_2/modern_swarm_leader_follower/ros2_workspace/install/modern_swarm/lib/python3.11/site-packages/modern_swarm-1.0.0-py3.11.egg-info/dependency_links.txt
[2.031s] -- Up-to-date symlink: /Users/Mubiyn/Desktop/rp_2/modern_swarm_leader_follower/ros2_workspace/install/modern_swarm/lib/python3.11/site-packages/modern_swarm-1.0.0-py3.11.egg-info/top_level.txt
[2.031s] -- Up-to-date symlink: /Users/Mubiyn/Desktop/rp_2/modern_swarm_leader_follower/ros2_workspace/install/modern_swarm/lib/python3.11/site-packages/modern_swarm/__init__.py
[2.031s] -- Up-to-date symlink: /Users/Mubiyn/Desktop/rp_2/modern_swarm_leader_follower/ros2_workspace/install/modern_swarm/lib/python3.11/site-packages/modern_swarm/robot_simulator.py
[2.032s] -- Up-to-date symlink: /Users/Mubiyn/Desktop/rp_2/modern_swarm_leader_follower/ros2_workspace/install/modern_swarm/lib/python3.11/site-packages/modern_swarm/swarm_controller.py
[2.032s] -- Up-to-date symlink: /Users/Mubiyn/Desktop/rp_2/modern_swarm_leader_follower/ros2_workspace/install/modern_swarm/lib/modern_swarm/vision_node.py
[2.032s] -- Up-to-date symlink: /Users/Mubiyn/Desktop/rp_2/modern_swarm_leader_follower/ros2_workspace/install/modern_swarm/lib/modern_swarm/follower_controller_node.py
[2.032s] -- Up-to-date symlink: /Users/Mubiyn/Desktop/rp_2/modern_swarm_leader_follower/ros2_workspace/install/modern_swarm/lib/modern_swarm/unified_swarm_ros2.py
[2.032s] -- Up-to-date symlink: /Users/Mubiyn/Desktop/rp_2/modern_swarm_leader_follower/ros2_workspace/install/modern_swarm/lib/modern_swarm/test_ros2_integration.py
[2.032s] -- Up-to-date symlink: /Users/Mubiyn/Desktop/rp_2/modern_swarm_leader_follower/ros2_workspace/install/modern_swarm/share/modern_swarm//launch/__pycache__/fast_track_migration.launch.cpython-310.pyc
[2.032s] -- Up-to-date symlink: /Users/Mubiyn/Desktop/rp_2/modern_swarm_leader_follower/ros2_workspace/install/modern_swarm/share/modern_swarm//launch/__pycache__/simple_swarm_demo.launch.cpython-310.pyc
[2.033s] -- Up-to-date symlink: /Users/Mubiyn/Desktop/rp_2/modern_swarm_leader_follower/ros2_workspace/install/modern_swarm/share/modern_swarm//launch/simple_gazebo_swarm.launch.py
[2.033s] -- Up-to-date symlink: /Users/Mubiyn/Desktop/rp_2/modern_swarm_leader_follower/ros2_workspace/install/modern_swarm/share/modern_swarm//launch/simple_swarm_demo.launch.py
[2.033s] -- Up-to-date symlink: /Users/Mubiyn/Desktop/rp_2/modern_swarm_leader_follower/ros2_workspace/install/modern_swarm/share/modern_swarm//launch/swarm_leader_follower.launch.py
[2.033s] -- Symlinking: /Users/Mubiyn/Desktop/rp_2/modern_swarm_leader_follower/ros2_workspace/install/modern_swarm/share/modern_swarm//launch/unified_swarm_demo.launch.py
[2.046s] -- Up-to-date symlink: /Users/Mubiyn/Desktop/rp_2/modern_swarm_leader_follower/ros2_workspace/install/modern_swarm/share/modern_swarm//launch/unified_swarm_gazebo.launch.py
[2.046s] -- Up-to-date symlink: /Users/Mubiyn/Desktop/rp_2/modern_swarm_leader_follower/ros2_workspace/install/modern_swarm/share/modern_swarm//launch/unified_swarm_rviz.launch.py
[2.046s] -- Up-to-date symlink: /Users/Mubiyn/Desktop/rp_2/modern_swarm_leader_follower/ros2_workspace/install/modern_swarm/share/modern_swarm//config/robot_params.yaml
[2.046s] -- Up-to-date symlink: /Users/Mubiyn/Desktop/rp_2/modern_swarm_leader_follower/ros2_workspace/install/modern_swarm/share/modern_swarm//config/simple_swarm.rviz
[2.047s] -- Up-to-date symlink: /Users/Mubiyn/Desktop/rp_2/modern_swarm_leader_follower/ros2_workspace/install/modern_swarm/share/modern_swarm//config/swarm_visualization.rviz
[2.047s] -- Up-to-date symlink: /Users/Mubiyn/Desktop/rp_2/modern_swarm_leader_follower/ros2_workspace/install/modern_swarm/share/modern_swarm//config/working_swarm.rviz
[2.047s] -- Up-to-date symlink: /Users/Mubiyn/Desktop/rp_2/modern_swarm_leader_follower/ros2_workspace/install/modern_swarm/share/modern_swarm//urdf/swarm_robot.urdf.xacro
[2.047s] -- Up-to-date symlink: /Users/Mubiyn/Desktop/rp_2/modern_swarm_leader_follower/ros2_workspace/install/modern_swarm/share/modern_swarm//worlds/simple_swarm.world
[2.047s] -- Up-to-date symlink: /Users/Mubiyn/Desktop/rp_2/modern_swarm_leader_follower/ros2_workspace/install/modern_swarm/share/modern_swarm//worlds/swarm_arena.world
[2.047s] -- Up-to-date symlink: /Users/Mubiyn/Desktop/rp_2/modern_swarm_leader_follower/ros2_workspace/install/modern_swarm/share/ament_index/resource_index/package_run_dependencies/modern_swarm
[2.048s] -- Up-to-date symlink: /Users/Mubiyn/Desktop/rp_2/modern_swarm_leader_follower/ros2_workspace/install/modern_swarm/share/ament_index/resource_index/parent_prefix_path/modern_swarm
[2.048s] -- Up-to-date symlink: /Users/Mubiyn/Desktop/rp_2/modern_swarm_leader_follower/ros2_workspace/install/modern_swarm/share/modern_swarm/environment/ament_prefix_path.sh
[2.048s] -- Up-to-date symlink: /Users/Mubiyn/Desktop/rp_2/modern_swarm_leader_follower/ros2_workspace/install/modern_swarm/share/modern_swarm/environment/ament_prefix_path.dsv
[2.048s] -- Up-to-date symlink: /Users/Mubiyn/Desktop/rp_2/modern_swarm_leader_follower/ros2_workspace/install/modern_swarm/share/modern_swarm/environment/path.sh
[2.048s] -- Up-to-date symlink: /Users/Mubiyn/Desktop/rp_2/modern_swarm_leader_follower/ros2_workspace/install/modern_swarm/share/modern_swarm/environment/path.dsv
[2.048s] -- Up-to-date symlink: /Users/Mubiyn/Desktop/rp_2/modern_swarm_leader_follower/ros2_workspace/install/modern_swarm/share/modern_swarm/local_setup.bash
[2.048s] -- Up-to-date symlink: /Users/Mubiyn/Desktop/rp_2/modern_swarm_leader_follower/ros2_workspace/install/modern_swarm/share/modern_swarm/local_setup.sh
[2.049s] -- Up-to-date symlink: /Users/Mubiyn/Desktop/rp_2/modern_swarm_leader_follower/ros2_workspace/install/modern_swarm/share/modern_swarm/local_setup.zsh
[2.049s] -- Up-to-date symlink: /Users/Mubiyn/Desktop/rp_2/modern_swarm_leader_follower/ros2_workspace/install/modern_swarm/share/modern_swarm/local_setup.dsv
[2.049s] -- Symlinking: /Users/Mubiyn/Desktop/rp_2/modern_swarm_leader_follower/ros2_workspace/install/modern_swarm/share/modern_swarm/package.dsv
[2.062s] -- Up-to-date symlink: /Users/Mubiyn/Desktop/rp_2/modern_swarm_leader_follower/ros2_workspace/install/modern_swarm/share/ament_index/resource_index/packages/modern_swarm
[2.062s] -- Up-to-date symlink: /Users/Mubiyn/Desktop/rp_2/modern_swarm_leader_follower/ros2_workspace/install/modern_swarm/share/modern_swarm/cmake/modern_swarmConfig.cmake
[2.062s] -- Up-to-date symlink: /Users/Mubiyn/Desktop/rp_2/modern_swarm_leader_follower/ros2_workspace/install/modern_swarm/share/modern_swarm/cmake/modern_swarmConfig-version.cmake
[2.062s] -- Up-to-date symlink: /Users/Mubiyn/Desktop/rp_2/modern_swarm_leader_follower/ros2_workspace/install/modern_swarm/share/modern_swarm/package.xml
[2.086s] Listing 'lib/python3.11/site-packages/modern_swarm'...
[2.086s] Can't list 'lib/python3.11/site-packages/modern_swarm'
[2.091s] Invoked command in '/Users/Mubiyn/Desktop/rp_2/modern_swarm_leader_follower/ros2_workspace/build/modern_swarm' returned '0': CMAKE_PREFIX_PATH=${CMAKE_PREFIX_PATH}:/opt/miniconda3/envs/ros2 CONDA_PROMPT_MODIFIER=(ros2) SHLVL=2 _=/opt/miniconda3/envs/ros2/bin/env /opt/miniconda3/envs/ros2/bin/cmake --install /Users/Mubiyn/Desktop/rp_2/modern_swarm_leader_follower/ros2_workspace/build/modern_swarm
