[0.023s] Invoking command in '/Users/Mubiyn/Desktop/rp_2/modern_swarm_leader_follower/build/modern_swarm': CMAKE_PREFIX_PATH=${CMAKE_PREFIX_PATH}:/opt/miniconda3/envs/ros2 CONDA_PROMPT_MODIFIER=(ros2) SHLVL=2 VSCODE_ENV_PREPEND=PATH=/opt/miniconda3/envs/ros2/share/rubygems/bin\x3a/opt/miniconda3/envs/ros2/bin\x3a:PS1=(ros2) _=/usr/bin/env /opt/homebrew/bin/cmake /Users/Mubiyn/Desktop/rp_2/modern_swarm_leader_follower/ros2_workspace/src/modern_swarm -DAMENT_CMAKE_SYMLINK_INSTALL=1 -DCMAKE_INSTALL_PREFIX=/Users/Mubiyn/Desktop/rp_2/modern_swarm_leader_follower/install/modern_swarm
[0.953s] -- The C compiler identification is Clang 18.1.8
[1.154s] -- The CXX compiler identification is Clang 18.1.8
[1.192s] -- Detecting C compiler ABI info
[1.365s] -- Detecting C compiler ABI info - done
[1.373s] -- Check for working C compiler: /opt/miniconda3/envs/ros2/bin/arm64-apple-darwin20.0.0-clang - skipped
[1.373s] -- Detecting C compile features
[1.373s] -- Detecting C compile features - done
[1.380s] -- Detecting CXX compiler ABI info
[1.544s] -- Detecting CXX compiler ABI info - done
[1.552s] -- Check for working CXX compiler: /opt/miniconda3/envs/ros2/bin/arm64-apple-darwin20.0.0-clang++ - skipped
[1.552s] -- Detecting CXX compile features
[1.553s] -- Detecting CXX compile features - done
[1.584s] -- Found ament_cmake: 1.3.11 (/opt/miniconda3/envs/ros2/share/ament_cmake/cmake)
[1.719s] -- Found Python3: /opt/miniconda3/envs/ros2/bin/python3 (found version "3.11.13") found components: Interpreter
[1.802s] -- Override CMake install command with custom implementation using symlinks instead of copying resources
[2.003s] -- Found rclcpp: 16.0.11 (/opt/miniconda3/envs/ros2/share/rclcpp/cmake)
[2.189s] -- Found rosidl_generator_c: 3.1.6 (/opt/miniconda3/envs/ros2/share/rosidl_generator_c/cmake)
[2.217s] -- Found rosidl_adapter: 3.1.6 (/opt/miniconda3/envs/ros2/share/rosidl_adapter/cmake)
[2.255s] -- Found rosidl_generator_cpp: 3.1.6 (/opt/miniconda3/envs/ros2/share/rosidl_generator_cpp/cmake)
[2.300s] -- Using all available rosidl_typesupport_c: rosidl_typesupport_fastrtps_c;rosidl_typesupport_introspection_c
[2.360s] -- Using all available rosidl_typesupport_cpp: rosidl_typesupport_fastrtps_cpp;rosidl_typesupport_introspection_cpp
[2.598s] -- Checking for module 'yaml-0.1'
[2.754s] --   Found yaml-0.1, version 0.2.5
[3.219s] -- Found rmw_implementation_cmake: 6.1.2 (/opt/miniconda3/envs/ros2/share/rmw_implementation_cmake/cmake)
[3.235s] -- Found rmw_fastrtps_cpp: 6.2.7 (/opt/miniconda3/envs/ros2/share/rmw_fastrtps_cpp/cmake)
[4.014s] -- Found OpenSSL: /opt/homebrew/opt/openssl@3/lib/libcrypto.dylib (found version "3.5.0")
[4.289s] -- Found FastRTPS: /opt/miniconda3/envs/ros2/include
[4.375s] -- Using RMW implementation 'rmw_fastrtps_cpp' as default
[4.416s] -- Performing Test CMAKE_HAVE_LIBC_PTHREAD
[4.603s] -- Performing Test CMAKE_HAVE_LIBC_PTHREAD - Success
[4.604s] -- Found Threads: TRUE
[4.718s] -- Found rclpy: 3.3.15 (/opt/miniconda3/envs/ros2/share/rclpy/cmake)
[4.732s] -- Found std_msgs: 4.2.4 (/opt/miniconda3/envs/ros2/share/std_msgs/cmake)
[4.770s] -- Found geometry_msgs: 4.2.4 (/opt/miniconda3/envs/ros2/share/geometry_msgs/cmake)
[4.809s] -- Found sensor_msgs: 4.2.4 (/opt/miniconda3/envs/ros2/share/sensor_msgs/cmake)
[4.855s] -- Found nav_msgs: 4.2.4 (/opt/miniconda3/envs/ros2/share/nav_msgs/cmake)
[4.903s] -- Found tf2: 0.25.10 (/opt/miniconda3/envs/ros2/share/tf2/cmake)
[4.935s] -- Found tf2_ros: 0.25.10 (/opt/miniconda3/envs/ros2/share/tf2_ros/cmake)
[5.361s] -- Found cv_bridge: 3.2.1 (/opt/miniconda3/envs/ros2/share/cv_bridge/cmake)
[5.400s] -- Found image_transport: 3.1.10 (/opt/miniconda3/envs/ros2/share/image_transport/cmake)
[5.444s] -- Found rosidl_default_generators: 1.2.0 (/opt/miniconda3/envs/ros2/share/rosidl_default_generators/cmake)
[5.575s] -- Found ament_lint_auto: 0.12.11 (/opt/miniconda3/envs/ros2/share/ament_lint_auto/cmake)
[5.758s] -- Added test 'copyright' to check source files copyright and LICENSE
[5.768s] -- Added test 'flake8' to check Python code syntax and style conventions
[5.769s] -- Added test 'lint_cmake' to check CMake code style
[5.771s] -- Added test 'pep257' to check Python code against some of the docstring style conventions in PEP 257
[5.774s] -- Added test 'xmllint' to check XML markup files
[5.777s] -- Configuring done (5.7s)
[5.821s] -- Generating done (0.0s)
[5.822s] -- Build files have been written to: /Users/Mubiyn/Desktop/rp_2/modern_swarm_leader_follower/build/modern_swarm
[5.829s] Invoked command in '/Users/Mubiyn/Desktop/rp_2/modern_swarm_leader_follower/build/modern_swarm' returned '0': CMAKE_PREFIX_PATH=${CMAKE_PREFIX_PATH}:/opt/miniconda3/envs/ros2 CONDA_PROMPT_MODIFIER=(ros2) SHLVL=2 VSCODE_ENV_PREPEND=PATH=/opt/miniconda3/envs/ros2/share/rubygems/bin\x3a/opt/miniconda3/envs/ros2/bin\x3a:PS1=(ros2) _=/usr/bin/env /opt/homebrew/bin/cmake /Users/Mubiyn/Desktop/rp_2/modern_swarm_leader_follower/ros2_workspace/src/modern_swarm -DAMENT_CMAKE_SYMLINK_INSTALL=1 -DCMAKE_INSTALL_PREFIX=/Users/Mubiyn/Desktop/rp_2/modern_swarm_leader_follower/install/modern_swarm
[5.831s] Invoking command in '/Users/Mubiyn/Desktop/rp_2/modern_swarm_leader_follower/build/modern_swarm': CMAKE_PREFIX_PATH=${CMAKE_PREFIX_PATH}:/opt/miniconda3/envs/ros2 CONDA_PROMPT_MODIFIER=(ros2) SHLVL=2 VSCODE_ENV_PREPEND=PATH=/opt/miniconda3/envs/ros2/share/rubygems/bin\x3a/opt/miniconda3/envs/ros2/bin\x3a:PS1=(ros2) _=/usr/bin/env /opt/homebrew/bin/cmake --build /Users/Mubiyn/Desktop/rp_2/modern_swarm_leader_follower/build/modern_swarm -- -j8 -l8
[5.897s] Built target ament_cmake_python_symlink_modern_swarm
[6.218s] running egg_info
[6.218s] creating modern_swarm.egg-info
[6.226s] writing modern_swarm.egg-info/PKG-INFO
[6.226s] writing dependency_links to modern_swarm.egg-info/dependency_links.txt
[6.227s] writing top-level names to modern_swarm.egg-info/top_level.txt
[6.227s] writing manifest file 'modern_swarm.egg-info/SOURCES.txt'
[6.257s] reading manifest file 'modern_swarm.egg-info/SOURCES.txt'
[6.257s] writing manifest file 'modern_swarm.egg-info/SOURCES.txt'
[6.290s] Built target ament_cmake_python_build_modern_swarm_egg
[6.297s] Invoked command in '/Users/Mubiyn/Desktop/rp_2/modern_swarm_leader_follower/build/modern_swarm' returned '0': CMAKE_PREFIX_PATH=${CMAKE_PREFIX_PATH}:/opt/miniconda3/envs/ros2 CONDA_PROMPT_MODIFIER=(ros2) SHLVL=2 VSCODE_ENV_PREPEND=PATH=/opt/miniconda3/envs/ros2/share/rubygems/bin\x3a/opt/miniconda3/envs/ros2/bin\x3a:PS1=(ros2) _=/usr/bin/env /opt/homebrew/bin/cmake --build /Users/Mubiyn/Desktop/rp_2/modern_swarm_leader_follower/build/modern_swarm -- -j8 -l8
[6.398s] Invoking command in '/Users/Mubiyn/Desktop/rp_2/modern_swarm_leader_follower/build/modern_swarm': CMAKE_PREFIX_PATH=${CMAKE_PREFIX_PATH}:/opt/miniconda3/envs/ros2 CONDA_PROMPT_MODIFIER=(ros2) SHLVL=2 VSCODE_ENV_PREPEND=PATH=/opt/miniconda3/envs/ros2/share/rubygems/bin\x3a/opt/miniconda3/envs/ros2/bin\x3a:PS1=(ros2) _=/usr/bin/env /opt/homebrew/bin/cmake --install /Users/Mubiyn/Desktop/rp_2/modern_swarm_leader_follower/build/modern_swarm
[6.403s] -- Install configuration: ""
[6.404s] -- Execute custom install script
[6.404s] -- Symlinking: /Users/Mubiyn/Desktop/rp_2/modern_swarm_leader_follower/install/modern_swarm/share/modern_swarm/environment/pythonpath.sh
[6.412s] -- Symlinking: /Users/Mubiyn/Desktop/rp_2/modern_swarm_leader_follower/install/modern_swarm/share/modern_swarm/environment/pythonpath.dsv
[6.421s] -- Symlinking: /Users/Mubiyn/Desktop/rp_2/modern_swarm_leader_follower/install/modern_swarm/lib/python3.11/site-packages/modern_swarm-1.0.0-py3.11.egg-info/PKG-INFO
[6.432s] -- Symlinking: /Users/Mubiyn/Desktop/rp_2/modern_swarm_leader_follower/install/modern_swarm/lib/python3.11/site-packages/modern_swarm-1.0.0-py3.11.egg-info/SOURCES.txt
[6.441s] -- Symlinking: /Users/Mubiyn/Desktop/rp_2/modern_swarm_leader_follower/install/modern_swarm/lib/python3.11/site-packages/modern_swarm-1.0.0-py3.11.egg-info/dependency_links.txt
[6.449s] -- Symlinking: /Users/Mubiyn/Desktop/rp_2/modern_swarm_leader_follower/install/modern_swarm/lib/python3.11/site-packages/modern_swarm-1.0.0-py3.11.egg-info/top_level.txt
[6.455s] -- Symlinking: /Users/Mubiyn/Desktop/rp_2/modern_swarm_leader_follower/install/modern_swarm/lib/python3.11/site-packages/modern_swarm/__init__.py
[6.460s] -- Symlinking: /Users/Mubiyn/Desktop/rp_2/modern_swarm_leader_follower/install/modern_swarm/lib/python3.11/site-packages/modern_swarm/robot_simulator.py
[6.466s] -- Symlinking: /Users/Mubiyn/Desktop/rp_2/modern_swarm_leader_follower/install/modern_swarm/lib/python3.11/site-packages/modern_swarm/swarm_controller.py
[6.472s] -- Symlinking: /Users/Mubiyn/Desktop/rp_2/modern_swarm_leader_follower/install/modern_swarm/lib/modern_swarm/vision_node.py
[6.478s] -- Symlinking: /Users/Mubiyn/Desktop/rp_2/modern_swarm_leader_follower/install/modern_swarm/lib/modern_swarm/follower_controller_node.py
[6.485s] -- Symlinking: /Users/Mubiyn/Desktop/rp_2/modern_swarm_leader_follower/install/modern_swarm/lib/modern_swarm/unified_swarm_ros2.py
[6.492s] -- Symlinking: /Users/Mubiyn/Desktop/rp_2/modern_swarm_leader_follower/install/modern_swarm/lib/modern_swarm/test_ros2_integration.py
[6.499s] -- Symlinking: /Users/Mubiyn/Desktop/rp_2/modern_swarm_leader_follower/install/modern_swarm/share/modern_swarm//launch/__pycache__/fast_track_migration.launch.cpython-310.pyc
[6.507s] -- Symlinking: /Users/Mubiyn/Desktop/rp_2/modern_swarm_leader_follower/install/modern_swarm/share/modern_swarm//launch/__pycache__/simple_swarm_demo.launch.cpython-310.pyc
[6.514s] -- Symlinking: /Users/Mubiyn/Desktop/rp_2/modern_swarm_leader_follower/install/modern_swarm/share/modern_swarm//launch/complete_swarm_demo.launch.py
[6.520s] -- Symlinking: /Users/Mubiyn/Desktop/rp_2/modern_swarm_leader_follower/install/modern_swarm/share/modern_swarm//launch/enhanced_swarm_with_performance.launch.py
[6.527s] -- Symlinking: /Users/Mubiyn/Desktop/rp_2/modern_swarm_leader_follower/install/modern_swarm/share/modern_swarm//launch/enhanced_swarm_with_vision.launch.py
[6.533s] -- Symlinking: /Users/Mubiyn/Desktop/rp_2/modern_swarm_leader_follower/install/modern_swarm/share/modern_swarm//launch/robot_swarm_with_models.launch.py
[6.538s] -- Symlinking: /Users/Mubiyn/Desktop/rp_2/modern_swarm_leader_follower/install/modern_swarm/share/modern_swarm//launch/simple_gazebo_swarm.launch.py
[6.544s] -- Symlinking: /Users/Mubiyn/Desktop/rp_2/modern_swarm_leader_follower/install/modern_swarm/share/modern_swarm//launch/simple_swarm_demo.launch.py
[6.550s] -- Symlinking: /Users/Mubiyn/Desktop/rp_2/modern_swarm_leader_follower/install/modern_swarm/share/modern_swarm//launch/swarm_leader_follower.launch.py
[6.556s] -- Symlinking: /Users/Mubiyn/Desktop/rp_2/modern_swarm_leader_follower/install/modern_swarm/share/modern_swarm//launch/unified_swarm_gazebo.launch.py
[6.567s] -- Symlinking: /Users/Mubiyn/Desktop/rp_2/modern_swarm_leader_follower/install/modern_swarm/share/modern_swarm//launch/unified_swarm_rviz.launch.py
[6.582s] -- Symlinking: /Users/Mubiyn/Desktop/rp_2/modern_swarm_leader_follower/install/modern_swarm/share/modern_swarm//config/robot_params.yaml
[6.589s] -- Symlinking: /Users/Mubiyn/Desktop/rp_2/modern_swarm_leader_follower/install/modern_swarm/share/modern_swarm//config/simple_swarm.rviz
[6.598s] -- Symlinking: /Users/Mubiyn/Desktop/rp_2/modern_swarm_leader_follower/install/modern_swarm/share/modern_swarm//config/swarm_visualization.rviz
[6.606s] -- Symlinking: /Users/Mubiyn/Desktop/rp_2/modern_swarm_leader_follower/install/modern_swarm/share/modern_swarm//config/working_swarm.rviz
[6.616s] -- Symlinking: /Users/Mubiyn/Desktop/rp_2/modern_swarm_leader_follower/install/modern_swarm/share/modern_swarm//urdf/swarm_robot.urdf
[6.628s] -- Symlinking: /Users/Mubiyn/Desktop/rp_2/modern_swarm_leader_follower/install/modern_swarm/share/modern_swarm//urdf/swarm_robot.urdf.xacro
[6.637s] -- Symlinking: /Users/Mubiyn/Desktop/rp_2/modern_swarm_leader_follower/install/modern_swarm/share/modern_swarm//worlds/simple_swarm.world
[6.644s] -- Symlinking: /Users/Mubiyn/Desktop/rp_2/modern_swarm_leader_follower/install/modern_swarm/share/modern_swarm//worlds/swarm_arena.world
[6.653s] -- Symlinking: /Users/Mubiyn/Desktop/rp_2/modern_swarm_leader_follower/install/modern_swarm/share/ament_index/resource_index/package_run_dependencies/modern_swarm
[6.661s] -- Symlinking: /Users/Mubiyn/Desktop/rp_2/modern_swarm_leader_follower/install/modern_swarm/share/ament_index/resource_index/parent_prefix_path/modern_swarm
[6.669s] -- Symlinking: /Users/Mubiyn/Desktop/rp_2/modern_swarm_leader_follower/install/modern_swarm/share/modern_swarm/environment/ament_prefix_path.sh
[6.676s] -- Symlinking: /Users/Mubiyn/Desktop/rp_2/modern_swarm_leader_follower/install/modern_swarm/share/modern_swarm/environment/ament_prefix_path.dsv
[6.684s] -- Symlinking: /Users/Mubiyn/Desktop/rp_2/modern_swarm_leader_follower/install/modern_swarm/share/modern_swarm/environment/path.sh
[6.691s] -- Symlinking: /Users/Mubiyn/Desktop/rp_2/modern_swarm_leader_follower/install/modern_swarm/share/modern_swarm/environment/path.dsv
[6.698s] -- Symlinking: /Users/Mubiyn/Desktop/rp_2/modern_swarm_leader_follower/install/modern_swarm/share/modern_swarm/local_setup.bash
[6.706s] -- Symlinking: /Users/Mubiyn/Desktop/rp_2/modern_swarm_leader_follower/install/modern_swarm/share/modern_swarm/local_setup.sh
[6.717s] -- Symlinking: /Users/Mubiyn/Desktop/rp_2/modern_swarm_leader_follower/install/modern_swarm/share/modern_swarm/local_setup.zsh
[6.726s] -- Symlinking: /Users/Mubiyn/Desktop/rp_2/modern_swarm_leader_follower/install/modern_swarm/share/modern_swarm/local_setup.dsv
[6.733s] -- Symlinking: /Users/Mubiyn/Desktop/rp_2/modern_swarm_leader_follower/install/modern_swarm/share/modern_swarm/package.dsv
[6.739s] -- Symlinking: /Users/Mubiyn/Desktop/rp_2/modern_swarm_leader_follower/install/modern_swarm/share/ament_index/resource_index/packages/modern_swarm
[6.745s] -- Symlinking: /Users/Mubiyn/Desktop/rp_2/modern_swarm_leader_follower/install/modern_swarm/share/modern_swarm/cmake/modern_swarmConfig.cmake
[6.751s] -- Symlinking: /Users/Mubiyn/Desktop/rp_2/modern_swarm_leader_follower/install/modern_swarm/share/modern_swarm/cmake/modern_swarmConfig-version.cmake
[6.757s] -- Symlinking: /Users/Mubiyn/Desktop/rp_2/modern_swarm_leader_follower/install/modern_swarm/share/modern_swarm/package.xml
[6.790s] Listing 'lib/python3.11/site-packages/modern_swarm'...
[6.790s] Can't list 'lib/python3.11/site-packages/modern_swarm'
[6.794s] Invoked command in '/Users/Mubiyn/Desktop/rp_2/modern_swarm_leader_follower/build/modern_swarm' returned '0': CMAKE_PREFIX_PATH=${CMAKE_PREFIX_PATH}:/opt/miniconda3/envs/ros2 CONDA_PROMPT_MODIFIER=(ros2) SHLVL=2 VSCODE_ENV_PREPEND=PATH=/opt/miniconda3/envs/ros2/share/rubygems/bin\x3a/opt/miniconda3/envs/ros2/bin\x3a:PS1=(ros2) _=/usr/bin/env /opt/homebrew/bin/cmake --install /Users/Mubiyn/Desktop/rp_2/modern_swarm_leader_follower/build/modern_swarm
